#
# A fatal error has been detected by the Java Runtime Environment:
#
#  EXCEPTION_ACCESS_VIOLATION (0xc0000005) at pc=0x00000248f56a38cf, pid=22208, tid=38832
#
# JRE version: Java(TM) SE Runtime Environment (23.0.1+11) (build 23.0.1+11-39)
# Java VM: Java HotSpot(TM) 64-Bit Server VM (23.0.1+11-39, mixed mode, emulated-client, sharing, tiered, compressed oops, compressed class ptrs, g1 gc, windows-amd64)
# Problematic frame:
# v  ~MethodHandlesAdapterBlob 0x00000248f56a38cf
#
# No core dump will be written. Minidumps are not enabled by default on client versions of Windows
#
# If you would like to submit a bug report, please visit:
#   https://bugreport.java.com/bugreport/crash.jsp
#

---------------  S U M M A R Y ------------

Command Line: -XX:+ShowCodeDetailsInExceptionMessages -agentlib:jdwp=transport=dt_socket,suspend=y,address=localhost:50986 -Dcom.sun.management.jmxremote -Dcom.sun.management.jmxremote.port=50985 -Dcom.sun.management.jmxremote.authenticate=false -Dcom.sun.management.jmxremote.ssl=false -Djava.rmi.server.hostname=localhost -Dspring.jmx.enabled=true -Dmanagement.endpoints.jmx.exposure.include=* -Dspring.application.admin.enabled=true -XX:TieredStopAtLevel=1 -Dspring.boot.project.name=jobms-embarkx-proj -javaagent:E:\Softwares\spring-tool-suite-4-4.26.0.RELEASE-e4.33.0-win32.win32.x86_64\sts-4.26.0.RELEASE\configuration\org.eclipse.osgi\271\0\.cp\lib\javaagent-shaded.jar -Dfile.encoding=UTF-8 -Dstdout.encoding=UTF-8 -Dstderr.encoding=UTF-8 com.jobms.JobmsEmbarkxProjApplication --spring.output.ansi.enabled=always

Host: Intel(R) Core(TM) i7-8650U CPU @ 1.90GHz, 8 cores, 31G,  Windows 10 , 64 bit Build 19041 (10.0.19041.5915)
Time: Wed Aug 27 11:15:41 2025 India Standard Time elapsed time: 109.295834 seconds (0d 0h 1m 49s)

---------------  T H R E A D  ---------------

Current thread (0x00000248d124c420):  JavaThread "http-nio-8082-exec-7" daemon [_thread_in_Java, id=38832, stack(0x00000088a2f00000,0x00000088a3000000) (1024K)]

Stack: [0x00000088a2f00000,0x00000088a3000000],  sp=0x00000088a2ffd718,  free space=1013k
Native frames: (J=compiled Java code, j=interpreted, Vv=VM code, C=native code)
C  0x00000248f56a38cf  (no source info available)

The last pc belongs to _linkToVirtual (printed below).

siginfo: EXCEPTION_ACCESS_VIOLATION (0xc0000005), reading address 0xffffffffffffffff


Registers:
RAX=0x00000248f5679453, RBX=0x0000000604527870, RCX=0xfffffffffffffff7, RDX=0x0000000000000002
RSP=0x00000088a2ffd718, RBP=0x00000088a2ffd768, RSI=0x00000248d11b5118, RDI=0x00000248cec33110
R8 =0x0000000000000004, R9 =0x0000000000000004, R10=0x00007ffb70643560, R11=0x00000248881e36d8
R12=0x0000000000000000, R13=0x00000088a2ffd718, R14=0x00000088a2ffd788, R15=0x00000248d124c420
RIP=0x00000248f56a38cf, EFLAGS=0x0000000000010202


Register to memory mapping:

RAX=0x00000248f5679453 is at code_begin+4499 in an Interpreter codelet
return entry points  [0x00000248f56782c0, 0x00000248f567a1c8]  7944 bytes
RBX=0x0000000604527870 is an oop: com.jobms.job.JobController 
{0x0000000604527870} - klass: 'com/jobms/job/JobController'
 - ---- fields (total size 2 words):
 - private 'jobService' 'Lcom/jobms/job/JobService;' @12  a 'com/jobms/job/JobServiceImpl'{0x0000000604526078} (0xc08a4c0f)
RCX=0xfffffffffffffff7 is an unknown value
RDX=0x0000000000000002 is an unknown value
RSP=0x00000088a2ffd718 is pointing into the stack for thread: 0x00000248d124c420
RBP=0x00000088a2ffd768 is pointing into the stack for thread: 0x00000248d124c420
RSI=0x00000248d11b5118 points into unknown readable memory: 0x88001700e8e2bd20 | 20 bd e2 e8 00 17 00 88
RDI=0x00000248cec33110 points into unknown readable memory: 0x0000001800000060 | 60 00 00 00 18 00 00 00
R8 =0x0000000000000004 is an unknown value
R9 =0x0000000000000004 is an unknown value
R10=0x00007ffb70643560 jvm.dll
R11={method} {0x00000248881e36e0} 'invokeVirtual' '(Ljava/lang/Object;Ljava/lang/Object;)Ljava/lang/Object;' in 'java/lang/invoke/DirectMethodHandle$Holder'
R12=0x0 is null
R13=0x00000088a2ffd718 is pointing into the stack for thread: 0x00000248d124c420
R14=0x00000088a2ffd788 is pointing into the stack for thread: 0x00000248d124c420
R15=0x00000248d124c420 is a thread

Top of Stack: (sp=0x00000088a2ffd718)
0x00000088a2ffd718:   00000248f5679453 fffffffffffffff7
0x00000088a2ffd728:   00000248887efe72 0000000000000004
0x00000088a2ffd738:   00000248881e1d88 00000088a2ffc600
0x00000088a2ffd748:   0000000602595440 00000248881e36d8
0x00000088a2ffd758:   fffffffffffffff6 00000088a2ffd790
0x00000088a2ffd768:   00000088a2ffda80 00000248f5875210
0x00000088a2ffd778:   00000006141f1cd0 0000000604527870
0x00000088a2ffd788:   00000006141f1e60 00000088a2ffc3d9
0x00000088a2ffd798:   00000088a2ffda20 0000000603a6a530
0x00000088a2ffd7a8:   00000006141f2030 0000000604527870
0x00000088a2ffd7b8:   00000006141f1fe0 00000006141f1e60
0x00000088a2ffd7c8:   0000000604527870 00000248f587514c
0x00000088a2ffd7d8:   0000000604806a40 00000088a2ffda80
0x00000088a2ffd7e8:   00000248f5f48dc2 000050b513171e3c
0x00000088a2ffd7f8:   0000000000000000 0000000000000000
0x00000088a2ffd808:   00000000ffffffff 00000088a2ffda80
0x00000088a2ffd818:   00000248f59f82c4 00000248fab61d30
0x00000088a2ffd828:   00000248fab64430 00000248d124c420
0x00000088a2ffd838:   0000000000000001 0000000000000000
0x00000088a2ffd848:   0000000000000c00 0000000000000000
0x00000088a2ffd858:   0000000000000000 0000000000000000
0x00000088a2ffd868:   0000000000000000 0000000000000000
0x00000088a2ffd878:   0000000000000000 0000000000000000
0x00000088a2ffd888:   0000000000000000 0000000000000000
0x00000088a2ffd898:   0000000603f2f058 00000006141f2058
0x00000088a2ffd8a8:   00000006141bb1e0 0000000604527870
0x00000088a2ffd8b8:   0000002800000001 00000006141f1be8
0x00000088a2ffd8c8:   00000006141f1be8 0000008800000037
0x00000088a2ffd8d8:   0000000000000000 0000000602898f00
0x00000088a2ffd8e8:   0000000000000000 00000088a2ffda80
0x00000088a2ffd8f8:   00000248f59f6c5c 00000006141f2030
0x00000088a2ffd908:   00000248f590d479 0000000602c0f698 

Instructions: (pc=0x00000248f56a38cf)
0x00000248f56a37cf:   00 00 00 00 00 00 00 00 00 00 00 00 00 00 00 00
0x00000248f56a37df:   00 00 00 00 00 00 00 00 00 00 00 00 00 00 00 00
0x00000248f56a37ef:   00 00 00 00 00 00 00 00 00 00 00 00 00 00 00 00
0x00000248f56a37ff:   00 22 00 00 00 01 00 00 00 b0 db 39 70 fb 7f 00
0x00000248f56a380f:   00 00 00 00 00 00 00 00 00 e0 db 39 70 fb 7f 00
0x00000248f56a381f:   00 b8 10 00 00 00 00 00 00 38 00 00 00 38 00 00
0x00000248f56a382f:   00 b8 10 00 00 00 00 00 00 38 00 ff ff 05 00 00
0x00000248f56a383f:   00 f4 66 66 66 0f 1f 84 00 00 00 00 00 66 66 66
0x00000248f56a384f:   90 66 66 66 0f 1f 84 00 00 00 00 00 66 66 66 90
0x00000248f56a385f:   90 48 8b 53 08 0f b7 52 2e 48 8b 0c d4 8b 59 14
0x00000248f56a386f:   48 c1 e3 03 8b 5b 28 48 c1 e3 03 8b 5b 24 48 c1
0x00000248f56a387f:   e3 03 48 8b 5b 10 48 85 db 0f 84 10 00 00 00 41
0x00000248f56a388f:   80 bf e0 05 00 00 00 74 03 ff 63 38 ff 63 50 e9
0x00000248f56a389f:   bd 16 00 00 66 66 66 0f 1f 84 00 00 00 00 00 66
0x00000248f56a38af:   66 66 90 66 66 0f 1f 84 00 00 00 00 00 66 66 66
0x00000248f56a38bf:   90 48 8b 53 08 0f b7 52 2e 48 8b 0c d4 58 5b 50
0x00000248f56a38cf:   44 8b 51 08 49 bb 00 00 00 88 48 02 00 00 4d 03
0x00000248f56a38df:   d3 4c 8b 5b 10 4b 8b 9c da d0 01 00 00 48 85 db
0x00000248f56a38ef:   0f 84 10 00 00 00 41 80 bf e0 05 00 00 00 74 03
0x00000248f56a38ff:   ff 63 38 ff 63 50 e9 56 16 00 00 66 66 66 0f 1f
0x00000248f56a390f:   84 00 00 00 00 00 66 66 66 90 0f 1f 80 00 00 00
0x00000248f56a391f:   00 58 5b 50 8b 5b 24 48 c1 e3 03 48 8b 5b 10 48
0x00000248f56a392f:   85 db 0f 84 10 00 00 00 41 80 bf e0 05 00 00 00
0x00000248f56a393f:   74 03 ff 63 38 ff 63 50 e9 14 16 00 00 66 66 66
0x00000248f56a394f:   0f 1f 84 00 00 00 00 00 66 66 66 90 0f 1f 44 00
0x00000248f56a395f:   00 48 8b 53 08 0f b7 52 2e 48 8b 0c d4 58 5b 50
0x00000248f56a396f:   48 3b 01 8b 5b 24 48 c1 e3 03 48 8b 5b 10 48 85
0x00000248f56a397f:   db 0f 84 10 00 00 00 41 80 bf e0 05 00 00 00 74
0x00000248f56a398f:   03 ff 63 38 ff 63 50 e9 c5 15 00 00 0f 1f 44 00
0x00000248f56a399f:   00 48 8b 53 08 0f b7 52 2e 48 8b 0c d4 58 5b 50
0x00000248f56a39af:   44 8b 51 08 49 bb 00 00 00 88 48 02 00 00 4d 03
0x00000248f56a39bf:   d3 8b 43 18 48 c1 e0 03 48 8b 40 10 48 8b 5b 10 


Stack slot to memory mapping:

stack at sp + 0 slots: 0x00000248f5679453 is at code_begin+4499 in an Interpreter codelet
return entry points  [0x00000248f56782c0, 0x00000248f567a1c8]  7944 bytes
stack at sp + 1 slots: 0xfffffffffffffff7 is an unknown value
stack at sp + 2 slots: 0x00000248887efe72 is pointing into metadata
stack at sp + 3 slots: 0x0000000000000004 is an unknown value
stack at sp + 4 slots: 0x00000248881e1d88 is pointing into metadata
stack at sp + 5 slots: 0x00000088a2ffc600 is pointing into the stack for thread: 0x00000248d124c420
stack at sp + 6 slots: 0x0000000602595440 is an oop: java.lang.Class 
{0x0000000602595440} - klass: 'java/lang/Class'
 - ---- fields (total size 14 words):
 - private volatile transient 'classRedefinedCount' 'I' @12  0 (0x00000000)
 - injected 'klass' 'J' @16  2510544575360 (0x00000248881e1b80)
 - injected 'array_klass' 'J' @24  0 (0x0000000000000000)
 - injected 'oop_size' 'I' @32  14 (0x0000000e)
 - injected 'static_oop_field_count' 'I' @36  0 (0x00000000)
 - private volatile transient 'cachedConstructor' 'Ljava/lang/reflect/Constructor;' @40  null (0x00000000)
 - private transient 'name' 'Ljava/lang/String;' @44  null (0x00000000)
 - private transient 'module' 'Ljava/lang/Module;' @48  a 'java/lang/Module'{0x000000060256e0b8} (0xc04adc17)
 - private final 'classLoader' 'Ljava/lang/ClassLoader;' @52  null (0x00000000)
 - private transient 'classData' 'Ljava/lang/Object;' @56  null (0x00000000)
 - private transient 'packageName' 'Ljava/lang/String;' @60  null (0x00000000)
 - private final 'componentType' 'Ljava/lang/Class;' @64  null (0x00000000)
 - private volatile transient 'reflectionData' 'Ljava/lang/ref/SoftReference;' @68  null (0x00000000)
 - private volatile transient 'genericInfo' 'Lsun/reflect/generics/repository/ClassRepository;' @72  null (0x00000000)
 - private volatile transient 'enumConstants' '[Ljava/lang/Object;' @76  null (0x00000000)
 - private volatile transient 'enumConstantDirectory' 'Ljava/util/Map;' @80  null (0x00000000)
 - private volatile transient 'annotationData' 'Ljava/lang/Class$AnnotationData;' @84  null (0x00000000)
 - private volatile transient 'annotationType' 'Lsun/reflect/annotation/AnnotationType;' @88  null (0x00000000)
 - transient 'classValueMap' 'Ljava/lang/ClassValue$ClassValueMap;' @92  null (0x00000000)
 - injected 'protection_domain' 'Ljava/lang/Object;' @96  null (0x00000000)
 - injected 'signers_name' 'Ljava/lang/Object;' @100  null (0x00000000)
 - injected 'source_file' 'Ljava/lang/Object;' @104  null (0x00000000)
 - signature: Ljava/lang/invoke/DirectMethodHandle$Holder;
 - ---- static fields (0):
stack at sp + 7 slots: {method} {0x00000248881e36e0} 'invokeVirtual' '(Ljava/lang/Object;Ljava/lang/Object;)Ljava/lang/Object;' in 'java/lang/invoke/DirectMethodHandle$Holder'

Lock stack of current Java thread (top to bottom):

MethodHandle::interpreter_entry::_linkToVirtual [0x00000248f56a38a3, 0x00000248f56a390a] (103 bytes)
[MachCode]
  0x00000248f56a38a3: 6666 660f | 1f84 0000 | 0000 0066 | 6666 9066 | 660f 1f84 | 0000 0000 | 0066 6666 | 9048 8b53 
  0x00000248f56a38c3: 080f b752 | 2e48 8b0c | d458 5b50 | 448b 5108 | 49bb 0000 | 0088 4802 | 0000 4d03 | d34c 8b5b 
  0x00000248f56a38e3: 104b 8b9c | dad0 0100 | 0048 85db | 0f84 1000 | 0000 4180 | bfe0 0500 | 0000 7403 | ff63 38ff 
  0x00000248f56a3903: 6350 e956 | 
[/MachCode]

---------------  P R O C E S S  ---------------

Threads class SMR info:
_java_thread_list=0x00000248ce1e7ab0, length=54, elements={
0x00000248fab82ca0, 0x00000248fab85ad0, 0x00000248fab88a80, 0x00000248fab8a650,
0x00000248c9089fe0, 0x00000248c908d200, 0x00000248c908fc70, 0x00000248c91f9db0,
0x00000248c9256b30, 0x00000248c927e060, 0x00000248c92816b0, 0x00000248c9c80510,
0x00000248c9ea3c10, 0x00000248c9ebb580, 0x00000248c9ee5b10, 0x00000248c9eee780,
0x00000248ce1e0910, 0x00000248ce815ac0, 0x00000248ce816150, 0x00000248ce816e70,
0x00000248ce817500, 0x00000248d01b4d80, 0x00000248d01b6e50, 0x00000248d01b5410,
0x00000248d01b74e0, 0x00000248d01b67c0, 0x00000248d01b4060, 0x00000248d1248280,
0x00000248d124e4f0, 0x00000248d124b700, 0x00000248d124d7d0, 0x00000248d124b070,
0x00000248d124cab0, 0x00000248d124a9e0, 0x00000248d1248fa0, 0x00000248d124c420,
0x00000248d1249630, 0x00000248d124bd90, 0x00000248d124d140, 0x00000248d124a350,
0x00000248d1248910, 0x00000248d1247560, 0x00000248d124eb80, 0x00000248d1247bf0,
0x00000248d1249cc0, 0x00000248d13380f0, 0x00000248d133f710, 0x00000248d133cfb0,
0x00000248d133b570, 0x00000248d13394a0, 0x00000248d133c920, 0x00000248d133c290,
0x00000248d1338780, 0x00000248d133f080
}

Java Threads: ( => current thread )
  0x00000248fab82ca0 JavaThread "Reference Handler"          daemon [_thread_blocked, id=4768, stack(0x000000889fb00000,0x000000889fc00000) (1024K)]
  0x00000248fab85ad0 JavaThread "Finalizer"                  daemon [_thread_blocked, id=43396, stack(0x000000889fc00000,0x000000889fd00000) (1024K)]
  0x00000248fab88a80 JavaThread "Signal Dispatcher"          daemon [_thread_blocked, id=36436, stack(0x000000889fd00000,0x000000889fe00000) (1024K)]
  0x00000248fab8a650 JavaThread "Attach Listener"            daemon [_thread_blocked, id=24368, stack(0x000000889fe00000,0x000000889ff00000) (1024K)]
  0x00000248c9089fe0 JavaThread "Service Thread"             daemon [_thread_blocked, id=28492, stack(0x000000889ff00000,0x00000088a0000000) (1024K)]
  0x00000248c908d200 JavaThread "Monitor Deflation Thread"   daemon [_thread_blocked, id=26560, stack(0x00000088a0000000,0x00000088a0100000) (1024K)]
  0x00000248c908fc70 JavaThread "C1 CompilerThread0"         daemon [_thread_blocked, id=40776, stack(0x00000088a0100000,0x00000088a0200000) (1024K)]
  0x00000248c91f9db0 JavaThread "Common-Cleaner"             daemon [_thread_blocked, id=32764, stack(0x00000088a0200000,0x00000088a0300000) (1024K)]
  0x00000248c9256b30 JavaThread "JDWP Transport Listener: dt_socket" daemon [_thread_blocked, id=19652, stack(0x00000088a0500000,0x00000088a0600000) (1024K)]
  0x00000248c927e060 JavaThread "JDWP Event Helper Thread"   daemon [_thread_blocked, id=24912, stack(0x00000088a0600000,0x00000088a0700000) (1024K)]
  0x00000248c92816b0 JavaThread "JDWP Command Reader"        daemon [_thread_in_native, id=20708, stack(0x00000088a0700000,0x00000088a0800000) (1024K)]
  0x00000248c9c80510 JavaThread "Notification Thread"        daemon [_thread_blocked, id=41876, stack(0x00000088a0800000,0x00000088a0900000) (1024K)]
  0x00000248c9ea3c10 JavaThread "RMI TCP Accept-0"           daemon [_thread_in_native, id=14736, stack(0x00000088a1100000,0x00000088a1200000) (1024K)]
  0x00000248c9ebb580 JavaThread "RMI TCP Accept-50985"       daemon [_thread_in_native, id=29780, stack(0x00000088a1200000,0x00000088a1300000) (1024K)]
  0x00000248c9ee5b10 JavaThread "RMI TCP Accept-0"           daemon [_thread_in_native, id=43720, stack(0x00000088a1400000,0x00000088a1500000) (1024K)]
  0x00000248c9eee780 JavaThread "RMI Scheduler(0)"           daemon [_thread_blocked, id=22872, stack(0x00000088a1500000,0x00000088a1600000) (1024K)]
  0x00000248ce1e0910 JavaThread "JMX server connection timeout 38" daemon [_thread_blocked, id=28084, stack(0x00000088a1700000,0x00000088a1800000) (1024K)]
  0x00000248ce815ac0 JavaThread "HttpClient-1-SelectorManager" daemon [_thread_in_native, id=14496, stack(0x00000088a1b00000,0x00000088a1c00000) (1024K)]
  0x00000248ce816150 JavaThread "Catalina-utility-1"                [_thread_blocked, id=37368, stack(0x00000088a1c00000,0x00000088a1d00000) (1024K)]
  0x00000248ce816e70 JavaThread "Catalina-utility-2"                [_thread_blocked, id=42116, stack(0x00000088a1d00000,0x00000088a1e00000) (1024K)]
  0x00000248ce817500 JavaThread "container-0"                       [_thread_blocked, id=5596, stack(0x00000088a1e00000,0x00000088a1f00000) (1024K)]
  0x00000248d01b4d80 JavaThread "PostgreSQL-JDBC-Cleaner"    daemon [_thread_blocked, id=40780, stack(0x00000088a1f00000,0x00000088a2000000) (1024K)]
  0x00000248d01b6e50 JavaThread "HikariPool-1:housekeeper"   daemon [_thread_blocked, id=35800, stack(0x00000088a2000000,0x00000088a2100000) (1024K)]
  0x00000248d01b5410 JavaThread "spectator-gauge-polling-0"  daemon [_thread_blocked, id=21288, stack(0x00000088a2300000,0x00000088a2400000) (1024K)]
  0x00000248d01b74e0 JavaThread "AsyncResolver-bootstrap-%d" daemon [_thread_blocked, id=2136, stack(0x00000088a2400000,0x00000088a2500000) (1024K)]
  0x00000248d01b67c0 JavaThread "AsyncReporter{ZipkinHttpClientSender{http://localhost:9411/api/v2/spans}}" daemon [_thread_blocked, id=6088, stack(0x00000088a2500000,0x00000088a2600000) (1024K)]
  0x00000248d01b4060 JavaThread "DiscoveryClient-%d"         daemon [_thread_blocked, id=8320, stack(0x00000088a2600000,0x00000088a2700000) (1024K)]
  0x00000248d1248280 JavaThread "DiscoveryClient-%d"         daemon [_thread_blocked, id=40404, stack(0x00000088a2700000,0x00000088a2800000) (1024K)]
  0x00000248d124e4f0 JavaThread "DiscoveryClient-InstanceInfoReplicator-%d" daemon [_thread_blocked, id=5304, stack(0x00000088a2800000,0x00000088a2900000) (1024K)]
  0x00000248d124b700 JavaThread "http-nio-8082-exec-1"       daemon [_thread_blocked, id=39028, stack(0x00000088a2900000,0x00000088a2a00000) (1024K)]
  0x00000248d124d7d0 JavaThread "http-nio-8082-exec-2"       daemon [_thread_blocked, id=23096, stack(0x00000088a2a00000,0x00000088a2b00000) (1024K)]
  0x00000248d124b070 JavaThread "http-nio-8082-exec-3"       daemon [_thread_blocked, id=12816, stack(0x00000088a2b00000,0x00000088a2c00000) (1024K)]
  0x00000248d124cab0 JavaThread "http-nio-8082-exec-4"       daemon [_thread_blocked, id=18224, stack(0x00000088a2c00000,0x00000088a2d00000) (1024K)]
  0x00000248d124a9e0 JavaThread "http-nio-8082-exec-5"       daemon [_thread_blocked, id=27800, stack(0x00000088a2d00000,0x00000088a2e00000) (1024K)]
  0x00000248d1248fa0 JavaThread "http-nio-8082-exec-6"       daemon [_thread_blocked, id=26724, stack(0x00000088a2e00000,0x00000088a2f00000) (1024K)]
=>0x00000248d124c420 JavaThread "http-nio-8082-exec-7"       daemon [_thread_in_Java, id=38832, stack(0x00000088a2f00000,0x00000088a3000000) (1024K)]
  0x00000248d1249630 JavaThread "http-nio-8082-exec-8"       daemon [_thread_blocked, id=6476, stack(0x00000088a3000000,0x00000088a3100000) (1024K)]
  0x00000248d124bd90 JavaThread "http-nio-8082-exec-9"       daemon [_thread_blocked, id=15156, stack(0x00000088a3100000,0x00000088a3200000) (1024K)]
  0x00000248d124d140 JavaThread "http-nio-8082-exec-10"      daemon [_thread_blocked, id=37980, stack(0x00000088a3200000,0x00000088a3300000) (1024K)]
  0x00000248d124a350 JavaThread "http-nio-8082-Poller"       daemon [_thread_in_native, id=41404, stack(0x00000088a3300000,0x00000088a3400000) (1024K)]
  0x00000248d1248910 JavaThread "http-nio-8082-Acceptor"     daemon [_thread_in_native, id=37576, stack(0x00000088a3400000,0x00000088a3500000) (1024K)]
  0x00000248d1247560 JavaThread "DestroyJavaVM"                     [_thread_blocked, id=36492, stack(0x000000889f300000,0x000000889f400000) (1024K)]
  0x00000248d124eb80 JavaThread "RMI TCP Connection(idle)"   daemon [_thread_blocked, id=26312, stack(0x00000088a3500000,0x00000088a3600000) (1024K)]
  0x00000248d1247bf0 JavaThread "RMI TCP Connection(4)-127.0.0.1" daemon [_thread_in_native, id=17092, stack(0x00000088a3600000,0x00000088a3700000) (1024K)]
  0x00000248d1249cc0 JavaThread "JMX server connection timeout 74" daemon [_thread_blocked, id=3772, stack(0x00000088a3700000,0x00000088a3800000) (1024K)]
  0x00000248d13380f0 JavaThread "HttpClient-1-Worker-0"      daemon [_thread_blocked, id=43280, stack(0x00000088a0900000,0x00000088a0a00000) (1024K)]
  0x00000248d133f710 JavaThread "HttpClient-1-Worker-1"      daemon [_thread_blocked, id=3328, stack(0x00000088a3800000,0x00000088a3900000) (1024K)]
  0x00000248d133cfb0 JavaThread "HttpClient-1-Worker-2"      daemon [_thread_blocked, id=19920, stack(0x00000088a3900000,0x00000088a3a00000) (1024K)]
  0x00000248d133b570 JavaThread "DiscoveryClient-HeartbeatExecutor-%d" daemon [_thread_blocked, id=27772, stack(0x00000088a2100000,0x00000088a2200000) (1024K)]
  0x00000248d13394a0 JavaThread "DiscoveryClient-CacheRefreshExecutor-%d" daemon [_thread_blocked, id=13784, stack(0x00000088a3a00000,0x00000088a3b00000) (1024K)]
  0x00000248d133c920 JavaThread "boundedElastic-evictor-1"   daemon [_thread_blocked, id=24376, stack(0x000000889f000000,0x000000889f100000) (1024K)]
  0x00000248d133c290 JavaThread "pool-5-thread-1"            daemon [_thread_blocked, id=13300, stack(0x000000889f100000,0x000000889f200000) (1024K)]
  0x00000248d1338780 JavaThread "boundedElastic-1"           daemon [_thread_blocked, id=14036, stack(0x000000889f200000,0x000000889f300000) (1024K)]
  0x00000248d133f080 JavaThread "Keep-Alive-Timer"           daemon [_thread_blocked, id=36804, stack(0x00000088a1900000,0x00000088a1a00000) (1024K)]
Total: 54

Other Threads:
  0x00000248fab67cc0 VMThread "VM Thread"                           [id=2076, stack(0x000000889fa00000,0x000000889fb00000) (1024K)]
  0x00000248c9080c30 WatcherThread "VM Periodic Task Thread"        [id=33584, stack(0x000000889f900000,0x000000889fa00000) (1024K)]
  0x00000248fa9cfc90 WorkerThread "GC Thread#0"                     [id=20676, stack(0x000000889f400000,0x000000889f500000) (1024K)]
  0x00000248c9df8430 WorkerThread "GC Thread#1"                     [id=25444, stack(0x00000088a0a00000,0x00000088a0b00000) (1024K)]
  0x00000248c9df87e0 WorkerThread "GC Thread#2"                     [id=43188, stack(0x00000088a0b00000,0x00000088a0c00000) (1024K)]
  0x00000248c9df99c0 WorkerThread "GC Thread#3"                     [id=33040, stack(0x00000088a0c00000,0x00000088a0d00000) (1024K)]
  0x00000248c9dfa990 WorkerThread "GC Thread#4"                     [id=15356, stack(0x00000088a0d00000,0x00000088a0e00000) (1024K)]
  0x00000248c9dfad40 WorkerThread "GC Thread#5"                     [id=34528, stack(0x00000088a0e00000,0x00000088a0f00000) (1024K)]
  0x00000248c9e03510 WorkerThread "GC Thread#6"                     [id=13160, stack(0x00000088a0f00000,0x00000088a1000000) (1024K)]
  0x00000248c9e08080 WorkerThread "GC Thread#7"                     [id=14616, stack(0x00000088a1000000,0x00000088a1100000) (1024K)]
  0x00000248faa12010 ConcurrentGCThread "G1 Main Marker"            [id=22184, stack(0x000000889f500000,0x000000889f600000) (1024K)]
  0x00000248faa12a30 WorkerThread "G1 Conc#0"                       [id=42440, stack(0x000000889f600000,0x000000889f700000) (1024K)]
  0x00000248c9e07920 WorkerThread "G1 Conc#1"                       [id=23104, stack(0x00000088a1a00000,0x00000088a1b00000) (1024K)]
  0x00000248faaa0c50 ConcurrentGCThread "G1 Refine#0"               [id=30032, stack(0x000000889f700000,0x000000889f800000) (1024K)]
  0x00000248faaa15e0 ConcurrentGCThread "G1 Service"                [id=12456, stack(0x000000889f800000,0x000000889f900000) (1024K)]
Total: 15

Threads with active compile tasks:
Total: 0

VM state: not at safepoint (normal execution)

VM Mutex/Monitor currently owned by a thread: None

Heap address: 0x0000000602000000, size: 8160 MB, Compressed Oops mode: Zero based, Oop shift amount: 3

CDS archive(s) mapped at: [0x0000024888000000-0x0000024888d70000-0x0000024888d70000), size 14090240, SharedBaseAddress: 0x0000024888000000, ArchiveRelocationMode: 1.
Compressed class space mapped at: 0x0000024889000000-0x00000248c9000000, reserved size: 1073741824
Narrow klass base: 0x0000024888000000, Narrow klass shift: 0, Narrow klass range: 0x41000000

GC Precious Log:
 CardTable entry size: 512
 Card Set container configuration: InlinePtr #cards 4 size 8 Array Of Cards #cards 32 size 80 Howl #buckets 8 coarsen threshold 7372 Howl Bitmap #cards 1024 size 144 coarsen threshold 921 Card regions per heap region 1 cards per card region 8192
 CPUs: 8 total, 8 available
 Memory: 32626M
 Large Page Support: Disabled
 NUMA Support: Disabled
 Compressed Oops: Enabled (Zero based)
 Heap Region Size: 4M
 Heap Min Capacity: 8M
 Heap Initial Capacity: 512M
 Heap Max Capacity: 8160M
 Pre-touch: Disabled
 Parallel Workers: 8
 Concurrent Workers: 2
 Concurrent Refinement Workers: 8
 Periodic GC: Disabled

Heap:
 garbage-first heap   total reserved 8355840K, committed 319488K, used 117418K [0x0000000602000000, 0x0000000800000000)
  region size 4096K, 21 young (86016K), 2 survivors (8192K)
 Metaspace       used 86427K, committed 87424K, reserved 1179648K
  class space    used 12750K, committed 13184K, reserved 1048576K

Heap Regions: E=young(eden), S=young(survivor), O=old, HS=humongous(starts), HC=humongous(continues), CS=collection set, F=free, TAMS=top-at-mark-start, PB=parsable bottom
|   0|0x0000000602000000, 0x0000000602400000, 0x0000000602400000|100%| O|  |TAMS 0x0000000602000000| PB 0x0000000602000000| Untracked |  0
|   1|0x0000000602400000, 0x0000000602800000, 0x0000000602800000|100%| O|  |TAMS 0x0000000602400000| PB 0x0000000602400000| Untracked |  0
|   2|0x0000000602800000, 0x0000000602c00000, 0x0000000602c00000|100%| O|  |TAMS 0x0000000602800000| PB 0x0000000602800000| Untracked |  0
|   3|0x0000000602c00000, 0x0000000603000000, 0x0000000603000000|100%| O|  |TAMS 0x0000000602c00000| PB 0x0000000602c00000| Untracked |  0
|   4|0x0000000603000000, 0x00000006033efd80, 0x0000000603400000| 98%| O|  |TAMS 0x0000000603000000| PB 0x0000000603000000| Untracked |  0
|   5|0x0000000603400000, 0x0000000603800000, 0x0000000603800000|100%| O|  |TAMS 0x0000000603400000| PB 0x0000000603400000| Untracked |  0
|   6|0x0000000603800000, 0x0000000603c00000, 0x0000000603c00000|100%| O|  |TAMS 0x0000000603800000| PB 0x0000000603800000| Untracked |  0
|   7|0x0000000603c00000, 0x0000000604000000, 0x0000000604000000|100%| O|  |TAMS 0x0000000603c00000| PB 0x0000000603c00000| Untracked |  0
|   8|0x0000000604000000, 0x0000000604400000, 0x0000000604400000|100%| O|  |TAMS 0x0000000604000000| PB 0x0000000604000000| Untracked |  0
|   9|0x0000000604400000, 0x0000000604800000, 0x0000000604800000|100%| O|  |TAMS 0x0000000604400000| PB 0x0000000604400000| Untracked |  0
|  10|0x0000000604800000, 0x00000006049bd638, 0x0000000604c00000| 43%| O|  |TAMS 0x0000000604800000| PB 0x0000000604800000| Untracked |  0
|  11|0x0000000604c00000, 0x0000000604c00000, 0x0000000605000000|  0%| F|  |TAMS 0x0000000604c00000| PB 0x0000000604c00000| Untracked |  0
|  12|0x0000000605000000, 0x0000000605000000, 0x0000000605400000|  0%| F|  |TAMS 0x0000000605000000| PB 0x0000000605000000| Untracked |  0
|  13|0x0000000605400000, 0x00000006054fd810, 0x0000000605800000| 24%| S|CS|TAMS 0x0000000605400000| PB 0x0000000605400000| Complete |  0
|  14|0x0000000605800000, 0x0000000605c00000, 0x0000000605c00000|100%| S|CS|TAMS 0x0000000605800000| PB 0x0000000605800000| Complete |  0
|  15|0x0000000605c00000, 0x0000000605c00000, 0x0000000606000000|  0%| F|  |TAMS 0x0000000605c00000| PB 0x0000000605c00000| Untracked |  0
|  16|0x0000000606000000, 0x0000000606000000, 0x0000000606400000|  0%| F|  |TAMS 0x0000000606000000| PB 0x0000000606000000| Untracked |  0
|  17|0x0000000606400000, 0x0000000606400000, 0x0000000606800000|  0%| F|  |TAMS 0x0000000606400000| PB 0x0000000606400000| Untracked |  0
|  18|0x0000000606800000, 0x0000000606800000, 0x0000000606c00000|  0%| F|  |TAMS 0x0000000606800000| PB 0x0000000606800000| Untracked |  0
|  19|0x0000000606c00000, 0x0000000606c00000, 0x0000000607000000|  0%| F|  |TAMS 0x0000000606c00000| PB 0x0000000606c00000| Untracked |  0
|  20|0x0000000607000000, 0x0000000607000000, 0x0000000607400000|  0%| F|  |TAMS 0x0000000607000000| PB 0x0000000607000000| Untracked |  0
|  21|0x0000000607400000, 0x0000000607400000, 0x0000000607800000|  0%| F|  |TAMS 0x0000000607400000| PB 0x0000000607400000| Untracked |  0
|  22|0x0000000607800000, 0x0000000607800000, 0x0000000607c00000|  0%| F|  |TAMS 0x0000000607800000| PB 0x0000000607800000| Untracked |  0
|  23|0x0000000607c00000, 0x0000000607c00000, 0x0000000608000000|  0%| F|  |TAMS 0x0000000607c00000| PB 0x0000000607c00000| Untracked |  0
|  24|0x0000000608000000, 0x0000000608000000, 0x0000000608400000|  0%| F|  |TAMS 0x0000000608000000| PB 0x0000000608000000| Untracked |  0
|  25|0x0000000608400000, 0x0000000608400000, 0x0000000608800000|  0%| F|  |TAMS 0x0000000608400000| PB 0x0000000608400000| Untracked |  0
|  26|0x0000000608800000, 0x0000000608800000, 0x0000000608c00000|  0%| F|  |TAMS 0x0000000608800000| PB 0x0000000608800000| Untracked |  0
|  27|0x0000000608c00000, 0x0000000608c00000, 0x0000000609000000|  0%| F|  |TAMS 0x0000000608c00000| PB 0x0000000608c00000| Untracked |  0
|  28|0x0000000609000000, 0x0000000609000000, 0x0000000609400000|  0%| F|  |TAMS 0x0000000609000000| PB 0x0000000609000000| Untracked |  0
|  29|0x0000000609400000, 0x0000000609400000, 0x0000000609800000|  0%| F|  |TAMS 0x0000000609400000| PB 0x0000000609400000| Untracked |  0
|  30|0x0000000609800000, 0x0000000609800000, 0x0000000609c00000|  0%| F|  |TAMS 0x0000000609800000| PB 0x0000000609800000| Untracked |  0
|  31|0x0000000609c00000, 0x0000000609c00000, 0x000000060a000000|  0%| F|  |TAMS 0x0000000609c00000| PB 0x0000000609c00000| Untracked |  0
|  32|0x000000060a000000, 0x000000060a000000, 0x000000060a400000|  0%| F|  |TAMS 0x000000060a000000| PB 0x000000060a000000| Untracked |  0
|  33|0x000000060a400000, 0x000000060a400000, 0x000000060a800000|  0%| F|  |TAMS 0x000000060a400000| PB 0x000000060a400000| Untracked |  0
|  34|0x000000060a800000, 0x000000060a800000, 0x000000060ac00000|  0%| F|  |TAMS 0x000000060a800000| PB 0x000000060a800000| Untracked |  0
|  35|0x000000060ac00000, 0x000000060ac00000, 0x000000060b000000|  0%| F|  |TAMS 0x000000060ac00000| PB 0x000000060ac00000| Untracked |  0
|  36|0x000000060b000000, 0x000000060b000000, 0x000000060b400000|  0%| F|  |TAMS 0x000000060b000000| PB 0x000000060b000000| Untracked |  0
|  37|0x000000060b400000, 0x000000060b400000, 0x000000060b800000|  0%| F|  |TAMS 0x000000060b400000| PB 0x000000060b400000| Untracked |  0
|  38|0x000000060b800000, 0x000000060b800000, 0x000000060bc00000|  0%| F|  |TAMS 0x000000060b800000| PB 0x000000060b800000| Untracked |  0
|  39|0x000000060bc00000, 0x000000060bc00000, 0x000000060c000000|  0%| F|  |TAMS 0x000000060bc00000| PB 0x000000060bc00000| Untracked |  0
|  40|0x000000060c000000, 0x000000060c000000, 0x000000060c400000|  0%| F|  |TAMS 0x000000060c000000| PB 0x000000060c000000| Untracked |  0
|  41|0x000000060c400000, 0x000000060c400000, 0x000000060c800000|  0%| F|  |TAMS 0x000000060c400000| PB 0x000000060c400000| Untracked |  0
|  42|0x000000060c800000, 0x000000060c800000, 0x000000060cc00000|  0%| F|  |TAMS 0x000000060c800000| PB 0x000000060c800000| Untracked |  0
|  43|0x000000060cc00000, 0x000000060cc00000, 0x000000060d000000|  0%| F|  |TAMS 0x000000060cc00000| PB 0x000000060cc00000| Untracked |  0
|  44|0x000000060d000000, 0x000000060d000000, 0x000000060d400000|  0%| F|  |TAMS 0x000000060d000000| PB 0x000000060d000000| Untracked |  0
|  45|0x000000060d400000, 0x000000060d400000, 0x000000060d800000|  0%| F|  |TAMS 0x000000060d400000| PB 0x000000060d400000| Untracked |  0
|  46|0x000000060d800000, 0x000000060d800000, 0x000000060dc00000|  0%| F|  |TAMS 0x000000060d800000| PB 0x000000060d800000| Untracked |  0
|  47|0x000000060dc00000, 0x000000060dc00000, 0x000000060e000000|  0%| F|  |TAMS 0x000000060dc00000| PB 0x000000060dc00000| Untracked |  0
|  48|0x000000060e000000, 0x000000060e000000, 0x000000060e400000|  0%| F|  |TAMS 0x000000060e000000| PB 0x000000060e000000| Untracked |  0
|  49|0x000000060e400000, 0x000000060e400000, 0x000000060e800000|  0%| F|  |TAMS 0x000000060e400000| PB 0x000000060e400000| Untracked |  0
|  50|0x000000060e800000, 0x000000060e800000, 0x000000060ec00000|  0%| F|  |TAMS 0x000000060e800000| PB 0x000000060e800000| Untracked |  0
|  51|0x000000060ec00000, 0x000000060ec00000, 0x000000060f000000|  0%| F|  |TAMS 0x000000060ec00000| PB 0x000000060ec00000| Untracked |  0
|  52|0x000000060f000000, 0x000000060f000000, 0x000000060f400000|  0%| F|  |TAMS 0x000000060f000000| PB 0x000000060f000000| Untracked |  0
|  53|0x000000060f400000, 0x000000060f400000, 0x000000060f800000|  0%| F|  |TAMS 0x000000060f400000| PB 0x000000060f400000| Untracked |  0
|  54|0x000000060f800000, 0x000000060f800000, 0x000000060fc00000|  0%| F|  |TAMS 0x000000060f800000| PB 0x000000060f800000| Untracked |  0
|  55|0x000000060fc00000, 0x000000060fc00000, 0x0000000610000000|  0%| F|  |TAMS 0x000000060fc00000| PB 0x000000060fc00000| Untracked |  0
|  56|0x0000000610000000, 0x0000000610000000, 0x0000000610400000|  0%| F|  |TAMS 0x0000000610000000| PB 0x0000000610000000| Untracked |  0
|  57|0x0000000610400000, 0x0000000610400000, 0x0000000610800000|  0%| F|  |TAMS 0x0000000610400000| PB 0x0000000610400000| Untracked |  0
|  58|0x0000000610800000, 0x0000000610800000, 0x0000000610c00000|  0%| F|  |TAMS 0x0000000610800000| PB 0x0000000610800000| Untracked |  0
|  59|0x0000000610c00000, 0x0000000610d07818, 0x0000000611000000| 25%| E|  |TAMS 0x0000000610c00000| PB 0x0000000610c00000| Complete |  1
|  60|0x0000000611000000, 0x0000000611400000, 0x0000000611400000|100%| E|CS|TAMS 0x0000000611000000| PB 0x0000000611000000| Complete |  0
|  61|0x0000000611400000, 0x0000000611800000, 0x0000000611800000|100%| E|CS|TAMS 0x0000000611400000| PB 0x0000000611400000| Complete |  0
|  62|0x0000000611800000, 0x0000000611c00000, 0x0000000611c00000|100%| E|CS|TAMS 0x0000000611800000| PB 0x0000000611800000| Complete |  0
|  63|0x0000000611c00000, 0x0000000612000000, 0x0000000612000000|100%| E|CS|TAMS 0x0000000611c00000| PB 0x0000000611c00000| Complete |  0
|  64|0x0000000612000000, 0x0000000612400000, 0x0000000612400000|100%| E|CS|TAMS 0x0000000612000000| PB 0x0000000612000000| Complete |  0
|  65|0x0000000612400000, 0x0000000612800000, 0x0000000612800000|100%| E|CS|TAMS 0x0000000612400000| PB 0x0000000612400000| Complete |  0
|  66|0x0000000612800000, 0x0000000612c00000, 0x0000000612c00000|100%| E|CS|TAMS 0x0000000612800000| PB 0x0000000612800000| Complete |  0
|  67|0x0000000612c00000, 0x0000000613000000, 0x0000000613000000|100%| E|  |TAMS 0x0000000612c00000| PB 0x0000000612c00000| Complete |  0
|  68|0x0000000613000000, 0x0000000613400000, 0x0000000613400000|100%| E|CS|TAMS 0x0000000613000000| PB 0x0000000613000000| Complete |  0
|  69|0x0000000613400000, 0x0000000613800000, 0x0000000613800000|100%| E|CS|TAMS 0x0000000613400000| PB 0x0000000613400000| Complete |  0
|  70|0x0000000613800000, 0x0000000613c00000, 0x0000000613c00000|100%| E|CS|TAMS 0x0000000613800000| PB 0x0000000613800000| Complete |  0
|  71|0x0000000613c00000, 0x0000000614000000, 0x0000000614000000|100%| E|CS|TAMS 0x0000000613c00000| PB 0x0000000613c00000| Complete |  0
|  72|0x0000000614000000, 0x0000000614400000, 0x0000000614400000|100%| E|CS|TAMS 0x0000000614000000| PB 0x0000000614000000| Complete |  0
|  73|0x0000000614400000, 0x0000000614800000, 0x0000000614800000|100%| E|CS|TAMS 0x0000000614400000| PB 0x0000000614400000| Complete |  0
|  74|0x0000000614800000, 0x0000000614c00000, 0x0000000614c00000|100%| E|CS|TAMS 0x0000000614800000| PB 0x0000000614800000| Complete |  0
|  75|0x0000000614c00000, 0x0000000615000000, 0x0000000615000000|100%| E|CS|TAMS 0x0000000614c00000| PB 0x0000000614c00000| Complete |  0
|  76|0x0000000615000000, 0x0000000615400000, 0x0000000615400000|100%| E|CS|TAMS 0x0000000615000000| PB 0x0000000615000000| Complete |  0
| 127|0x0000000621c00000, 0x0000000622000000, 0x0000000622000000|100%| E|CS|TAMS 0x0000000621c00000| PB 0x0000000621c00000| Complete |  0

Card table byte_map: [0x00000248f99a0000,0x00000248fa990000] _byte_map_base: 0x00000248f6990000

Marking Bits: (CMBitMap*) 0x00000248fa9d02b0
 Bits: [0x0000024880000000, 0x0000024887f80000)

Polling page: 0x00000248eab40000

Metaspace:

Usage:
  Non-class:     71.95 MB used.
      Class:     12.45 MB used.
       Both:     84.40 MB used.

Virtual space:
  Non-class space:      128.00 MB reserved,      72.50 MB ( 57%) committed,  2 nodes.
      Class space:        1.00 GB reserved,      12.88 MB (  1%) committed,  1 nodes.
             Both:        1.12 GB reserved,      85.38 MB (  7%) committed. 

Chunk freelists:
   Non-Class:  7.33 MB
       Class:  3.03 MB
        Both:  10.36 MB

MaxMetaspaceSize: unlimited
CompressedClassSpaceSize: 1.00 GB
Initial GC threshold: 21.00 MB
Current GC threshold: 99.19 MB
CDS: on
 - commit_granule_bytes: 65536.
 - commit_granule_words: 8192.
 - virtual_space_node_default_size: 8388608.
 - enlarge_chunks_in_place: 1.
 - use_allocation_guard: 0.


Internal statistics:

num_allocs_failed_limit: 12.
num_arena_births: 1482.
num_arena_deaths: 0.
num_vsnodes_births: 3.
num_vsnodes_deaths: 0.
num_space_committed: 1366.
num_space_uncommitted: 0.
num_chunks_returned_to_freelist: 12.
num_chunks_taken_from_freelist: 4576.
num_chunk_merges: 12.
num_chunk_splits: 3260.
num_chunks_enlarged: 2530.
num_inconsistent_stats: 0.

CodeCache: size=49152Kb used=11976Kb max_used=13133Kb free=37175Kb
 bounds [0x00000248f5670000, 0x00000248f6350000, 0x00000248f8670000]
 total_blobs=8984, nmethods=8216, adapters=693, full_count=0
Compilation: enabled, stopped_count=0, restarted_count=0

Compilation events (20 events):
Event: 104.475 Thread 0x00000248c908fc70 8280       1       java.util.concurrent.ForkJoinTask::<init> (5 bytes)
Event: 104.475 Thread 0x00000248c908fc70 nmethod 8280 0x00000248f57e6c88 code [0x00000248f57e6da0, 0x00000248f57e6e68]
Event: 104.475 Thread 0x00000248c908fc70 8281       1       java.net.http.HttpHeaders::map (5 bytes)
Event: 104.475 Thread 0x00000248c908fc70 nmethod 8281 0x00000248f57e6988 code [0x00000248f57e6aa0, 0x00000248f57e6b70]
Event: 104.475 Thread 0x00000248c908fc70 8282       1       jdk.internal.misc.Blocker::begin (12 bytes)
Event: 104.475 Thread 0x00000248c908fc70 nmethod 8282 0x00000248f57e6688 code [0x00000248f57e67a0, 0x00000248f57e6878]
Event: 104.480 Thread 0x00000248c908fc70 8283       1       jdk.internal.net.http.Http1HeaderParser::get (10 bytes)
Event: 104.480 Thread 0x00000248c908fc70 nmethod 8283 0x00000248f57e6388 code [0x00000248f57e64a0, 0x00000248f57e65a8]
Event: 104.481 Thread 0x00000248c908fc70 8284       1       java.lang.invoke.Invokers$Holder::linkToTargetMethod (10 bytes)
Event: 104.481 Thread 0x00000248c908fc70 nmethod 8284 0x00000248f57e6088 code [0x00000248f57e61a0, 0x00000248f57e62d8]
Event: 104.483 Thread 0x00000248c908fc70 8286       1       java.util.AbstractMap::isEmpty (13 bytes)
Event: 104.483 Thread 0x00000248c908fc70 nmethod 8286 0x00000248f57e5788 code [0x00000248f57e58a0, 0x00000248f57e59b0]
Event: 106.505 Thread 0x00000248c908fc70 8287       1       java.util.concurrent.locks.AbstractQueuedSynchronizer$ConditionObject::unlinkCancelledWaiters (91 bytes)
Event: 106.505 Thread 0x00000248c908fc70 nmethod 8287 0x00000248f57e5388 code [0x00000248f57e54a0, 0x00000248f57e5760]
Event: 106.566 Thread 0x00000248c908fc70 8288       1       org.postgresql.core.QueryExecutorBase::getPreferQueryMode (5 bytes)
Event: 106.566 Thread 0x00000248c908fc70 nmethod 8288 0x00000248f57e5088 code [0x00000248f57e51a0, 0x00000248f57e5270]
Event: 106.705 Thread 0x00000248c908fc70 8289       1       java.io.ObjectInputStream::readShort (8 bytes)
Event: 106.705 Thread 0x00000248c908fc70 nmethod 8289 0x00000248f57e4d88 code [0x00000248f57e4ea0, 0x00000248f57e4fa0]
Event: 107.253 Thread 0x00000248c908fc70 8290       1       java.util.concurrent.atomic.AtomicIntegerFieldUpdater$AtomicIntegerFieldUpdaterImpl::accessCheck (17 bytes)
Event: 107.253 Thread 0x00000248c908fc70 nmethod 8290 0x00000248f57e4a88 code [0x00000248f57e4ba0, 0x00000248f57e4cd0]

GC Heap History (20 events):
Event: 9.046 GC heap before
{Heap before GC invocations=11 (full 0):
 garbage-first heap   total reserved 8355840K, committed 110592K, used 81780K [0x0000000602000000, 0x0000000800000000)
  region size 4096K, 16 young (65536K), 3 survivors (12288K)
 Metaspace       used 41420K, committed 42048K, reserved 1114112K
  class space    used 5822K, committed 6080K, reserved 1048576K
}
Event: 9.056 GC heap after
{Heap after GC invocations=12 (full 0):
 garbage-first heap   total reserved 8355840K, committed 110592K, used 31528K [0x0000000602000000, 0x0000000800000000)
  region size 4096K, 1 young (4096K), 1 survivors (4096K)
 Metaspace       used 41420K, committed 42048K, reserved 1114112K
  class space    used 5822K, committed 6080K, reserved 1048576K
}
Event: 9.629 GC heap before
{Heap before GC invocations=12 (full 0):
 garbage-first heap   total reserved 8355840K, committed 110592K, used 88872K [0x0000000602000000, 0x0000000800000000)
  region size 4096K, 15 young (61440K), 1 survivors (4096K)
 Metaspace       used 45860K, committed 46528K, reserved 1114112K
  class space    used 6493K, committed 6784K, reserved 1048576K
}
Event: 9.634 GC heap after
{Heap after GC invocations=13 (full 0):
 garbage-first heap   total reserved 8355840K, committed 110592K, used 33962K [0x0000000602000000, 0x0000000800000000)
  region size 4096K, 2 young (8192K), 2 survivors (8192K)
 Metaspace       used 45860K, committed 46528K, reserved 1114112K
  class space    used 6493K, committed 6784K, reserved 1048576K
}
Event: 10.093 GC heap before
{Heap before GC invocations=13 (full 0):
 garbage-first heap   total reserved 8355840K, committed 110592K, used 91306K [0x0000000602000000, 0x0000000800000000)
  region size 4096K, 16 young (65536K), 2 survivors (8192K)
 Metaspace       used 51063K, committed 51776K, reserved 1114112K
  class space    used 7343K, committed 7616K, reserved 1048576K
}
Event: 10.098 GC heap after
{Heap after GC invocations=14 (full 0):
 garbage-first heap   total reserved 8355840K, committed 110592K, used 35577K [0x0000000602000000, 0x0000000800000000)
  region size 4096K, 1 young (4096K), 1 survivors (4096K)
 Metaspace       used 51063K, committed 51776K, reserved 1114112K
  class space    used 7343K, committed 7616K, reserved 1048576K
}
Event: 10.735 GC heap before
{Heap before GC invocations=14 (full 0):
 garbage-first heap   total reserved 8355840K, committed 110592K, used 92921K [0x0000000602000000, 0x0000000800000000)
  region size 4096K, 16 young (65536K), 1 survivors (4096K)
 Metaspace       used 56838K, committed 57472K, reserved 1114112K
  class space    used 8104K, committed 8384K, reserved 1048576K
}
Event: 10.739 GC heap after
{Heap after GC invocations=15 (full 0):
 garbage-first heap   total reserved 8355840K, committed 110592K, used 36663K [0x0000000602000000, 0x0000000800000000)
  region size 4096K, 2 young (8192K), 2 survivors (8192K)
 Metaspace       used 56838K, committed 57472K, reserved 1114112K
  class space    used 8104K, committed 8384K, reserved 1048576K
}
Event: 10.966 GC heap before
{Heap before GC invocations=15 (full 0):
 garbage-first heap   total reserved 8355840K, committed 110592K, used 61239K [0x0000000602000000, 0x0000000800000000)
  region size 4096K, 9 young (36864K), 2 survivors (8192K)
 Metaspace       used 59763K, committed 60416K, reserved 1114112K
  class space    used 8532K, committed 8832K, reserved 1048576K
}
Event: 10.970 GC heap after
{Heap after GC invocations=16 (full 0):
 garbage-first heap   total reserved 8355840K, committed 110592K, used 37305K [0x0000000602000000, 0x0000000800000000)
  region size 4096K, 1 young (4096K), 1 survivors (4096K)
 Metaspace       used 59763K, committed 60416K, reserved 1114112K
  class space    used 8532K, committed 8832K, reserved 1048576K
}
Event: 11.503 GC heap before
{Heap before GC invocations=17 (full 0):
 garbage-first heap   total reserved 8355840K, committed 110592K, used 94649K [0x0000000602000000, 0x0000000800000000)
  region size 4096K, 15 young (61440K), 1 survivors (4096K)
 Metaspace       used 65281K, committed 65984K, reserved 1114112K
  class space    used 9504K, committed 9792K, reserved 1048576K
}
Event: 11.506 GC heap after
{Heap after GC invocations=18 (full 0):
 garbage-first heap   total reserved 8355840K, committed 110592K, used 37969K [0x0000000602000000, 0x0000000800000000)
  region size 4096K, 1 young (4096K), 1 survivors (4096K)
 Metaspace       used 65281K, committed 65984K, reserved 1114112K
  class space    used 9504K, committed 9792K, reserved 1048576K
}
Event: 12.251 GC heap before
{Heap before GC invocations=18 (full 0):
 garbage-first heap   total reserved 8355840K, committed 110592K, used 95313K [0x0000000602000000, 0x0000000800000000)
  region size 4096K, 15 young (61440K), 1 survivors (4096K)
 Metaspace       used 69258K, committed 69952K, reserved 1114112K
  class space    used 10139K, committed 10432K, reserved 1048576K
}
Event: 12.257 GC heap after
{Heap after GC invocations=19 (full 0):
 garbage-first heap   total reserved 8355840K, committed 110592K, used 39784K [0x0000000602000000, 0x0000000800000000)
  region size 4096K, 2 young (8192K), 2 survivors (8192K)
 Metaspace       used 69258K, committed 69952K, reserved 1114112K
  class space    used 10139K, committed 10432K, reserved 1048576K
}
Event: 12.854 GC heap before
{Heap before GC invocations=19 (full 0):
 garbage-first heap   total reserved 8355840K, committed 110592K, used 93032K [0x0000000602000000, 0x0000000800000000)
  region size 4096K, 15 young (61440K), 2 survivors (8192K)
 Metaspace       used 72493K, committed 73280K, reserved 1114112K
  class space    used 10676K, committed 11008K, reserved 1048576K
}
Event: 12.861 GC heap after
{Heap after GC invocations=20 (full 0):
 garbage-first heap   total reserved 8355840K, committed 110592K, used 47520K [0x0000000602000000, 0x0000000800000000)
  region size 4096K, 2 young (8192K), 2 survivors (8192K)
 Metaspace       used 72493K, committed 73280K, reserved 1114112K
  class space    used 10676K, committed 11008K, reserved 1048576K
}
Event: 13.299 GC heap before
{Heap before GC invocations=20 (full 0):
 garbage-first heap   total reserved 8355840K, committed 110592K, used 92576K [0x0000000602000000, 0x0000000800000000)
  region size 4096K, 13 young (53248K), 2 survivors (8192K)
 Metaspace       used 75975K, committed 76864K, reserved 1114112K
  class space    used 11243K, committed 11584K, reserved 1048576K
}
Event: 13.305 GC heap after
{Heap after GC invocations=21 (full 0):
 garbage-first heap   total reserved 8355840K, committed 110592K, used 45755K [0x0000000602000000, 0x0000000800000000)
  region size 4096K, 2 young (8192K), 2 survivors (8192K)
 Metaspace       used 75975K, committed 76864K, reserved 1114112K
  class space    used 11243K, committed 11584K, reserved 1048576K
}
Event: 14.524 GC heap before
{Heap before GC invocations=21 (full 0):
 garbage-first heap   total reserved 8355840K, committed 110592K, used 90811K [0x0000000602000000, 0x0000000800000000)
  region size 4096K, 13 young (53248K), 2 survivors (8192K)
 Metaspace       used 79067K, committed 80064K, reserved 1179648K
  class space    used 11729K, committed 12160K, reserved 1048576K
}
Event: 14.531 GC heap after
{Heap after GC invocations=22 (full 0):
 garbage-first heap   total reserved 8355840K, committed 319488K, used 47786K [0x0000000602000000, 0x0000000800000000)
  region size 4096K, 2 young (8192K), 2 survivors (8192K)
 Metaspace       used 79067K, committed 80064K, reserved 1179648K
  class space    used 11729K, committed 12160K, reserved 1048576K
}

Dll operation events (12 events):
Event: 0.020 Loaded shared library C:\Program Files\Java\jdk-23.0.1\bin\java.dll
Event: 0.285 Loaded shared library C:\Program Files\Java\jdk-23.0.1\bin\zip.dll
Event: 0.290 Loaded shared library C:\Program Files\Java\jdk-23.0.1\bin\instrument.dll
Event: 0.297 Loaded shared library C:\Program Files\Java\jdk-23.0.1\bin\net.dll
Event: 0.300 Loaded shared library C:\Program Files\Java\jdk-23.0.1\bin\nio.dll
Event: 0.304 Loaded shared library C:\Program Files\Java\jdk-23.0.1\bin\zip.dll
Event: 0.504 Loaded shared library C:\Program Files\Java\jdk-23.0.1\bin\jimage.dll
Event: 0.543 Loaded shared library C:\Program Files\Java\jdk-23.0.1\bin\management.dll
Event: 0.553 Loaded shared library C:\Program Files\Java\jdk-23.0.1\bin\management_ext.dll
Event: 0.798 Loaded shared library C:\Program Files\Java\jdk-23.0.1\bin\extnet.dll
Event: 0.821 Loaded shared library C:\Program Files\Java\jdk-23.0.1\bin\verify.dll
Event: 5.708 Loaded shared library C:\Program Files\Java\jdk-23.0.1\bin\sunmscapi.dll

Deoptimization events (20 events):
Event: 103.539 Thread 0x00000248d13394a0 DEOPT PACKING pc=0x00000248f5831fbc sp=0x00000088a3afd4b0
Event: 103.539 Thread 0x00000248d13394a0 DEOPT UNPACKING pc=0x00000248f56c4b22 sp=0x00000088a3afc9f8 mode 1
Event: 103.539 Thread 0x00000248d133b570 DEOPT PACKING pc=0x00000248f5831fbc sp=0x00000088a21fd6f0
Event: 103.539 Thread 0x00000248d133b570 DEOPT UNPACKING pc=0x00000248f56c4b22 sp=0x00000088a21fcc38 mode 1
Event: 103.539 Thread 0x00000248d13394a0 DEOPT PACKING pc=0x00000248f5832594 sp=0x00000088a3afd5d0
Event: 103.540 Thread 0x00000248d133b570 DEOPT PACKING pc=0x00000248f5832594 sp=0x00000088a21fd810
Event: 103.540 Thread 0x00000248d13394a0 DEOPT UNPACKING pc=0x00000248f56c4b22 sp=0x00000088a3afca78 mode 1
Event: 103.540 Thread 0x00000248d133b570 DEOPT UNPACKING pc=0x00000248f56c4b22 sp=0x00000088a21fccb8 mode 1
Event: 103.540 Thread 0x00000248d13394a0 DEOPT PACKING pc=0x00000248f58328dc sp=0x00000088a3afd630
Event: 103.540 Thread 0x00000248d133b570 DEOPT PACKING pc=0x00000248f58328dc sp=0x00000088a21fd870
Event: 103.540 Thread 0x00000248d13394a0 DEOPT UNPACKING pc=0x00000248f56c4b22 sp=0x00000088a3afcae8 mode 1
Event: 103.540 Thread 0x00000248d133b570 DEOPT UNPACKING pc=0x00000248f56c4b22 sp=0x00000088a21fcd28 mode 1
Event: 103.540 Thread 0x00000248d13394a0 DEOPT PACKING pc=0x00000248f5832d94 sp=0x00000088a3afd6b0
Event: 103.540 Thread 0x00000248d133b570 DEOPT PACKING pc=0x00000248f5832d94 sp=0x00000088a21fd8f0
Event: 103.540 Thread 0x00000248d13394a0 DEOPT UNPACKING pc=0x00000248f56c4b22 sp=0x00000088a3afcb80 mode 1
Event: 103.540 Thread 0x00000248d133b570 DEOPT UNPACKING pc=0x00000248f56c4b22 sp=0x00000088a21fcdc0 mode 1
Event: 103.569 Thread 0x00000248d124e4f0 DEOPT PACKING pc=0x00000248f5819ffc sp=0x00000088a28ff090
Event: 103.569 Thread 0x00000248d124e4f0 DEOPT UNPACKING pc=0x00000248f56c4b22 sp=0x00000088a28fe590 mode 0
Event: 109.290 Thread 0x00000248d124c420 DEOPT PACKING pc=0x00000248f631f114 sp=0x00000088a2ffd730
Event: 109.290 Thread 0x00000248d124c420 DEOPT UNPACKING pc=0x00000248f56c4b22 sp=0x00000088a2ffcbd8 mode 0

Classes loaded (20 events):
Event: 84.556 Loading class java/time/Clock$TickClock
Event: 84.556 Loading class java/time/Clock$TickClock done
Event: 84.583 Loading class java/util/concurrent/atomic/AtomicLongFieldUpdater
Event: 84.583 Loading class java/util/concurrent/atomic/AtomicLongFieldUpdater done
Event: 84.583 Loading class java/util/concurrent/atomic/AtomicLongFieldUpdater$CASUpdater
Event: 84.583 Loading class java/util/concurrent/atomic/AtomicLongFieldUpdater$CASUpdater done
Event: 84.583 Loading class java/util/concurrent/atomic/AtomicLongFieldUpdater$CASUpdater$1
Event: 84.583 Loading class java/util/concurrent/atomic/AtomicLongFieldUpdater$CASUpdater$1 done
Event: 84.611 Loading class javax/net/ssl/HttpsURLConnection
Event: 84.612 Loading class javax/net/ssl/HttpsURLConnection done
Event: 84.971 Loading class sun/net/www/protocol/http/EmptyInputStream
Event: 84.971 Loading class sun/net/www/protocol/http/EmptyInputStream done
Event: 84.971 Loading class sun/net/www/protocol/http/HttpURLConnection$10
Event: 84.971 Loading class sun/net/www/protocol/http/HttpURLConnection$10 done
Event: 84.976 Loading class java/nio/charset/IllegalCharsetNameException
Event: 84.976 Loading class java/nio/charset/IllegalCharsetNameException done
Event: 84.988 Loading class java/util/stream/ReduceOps$7
Event: 84.988 Loading class java/util/stream/ReduceOps$7 done
Event: 84.988 Loading class java/util/stream/ReduceOps$6ReducingSink
Event: 84.988 Loading class java/util/stream/ReduceOps$6ReducingSink done

Classes unloaded (0 events):
No events

Classes redefined (0 events):
No events

Internal exceptions (20 events):
Event: 13.636 Thread 0x00000248d1247bf0 Exception <a 'java/lang/ClassNotFoundException'{0x00000006068001f0}: org/springframework/context/support/LiveBeansView> (0x00000006068001f0) 
thrown [s\open\src\hotspot\share\classfile\systemDictionary.cpp, line 313]
Event: 13.636 Thread 0x00000248d1247bf0 Exception <a 'java/lang/ClassNotFoundException'{0x00000006068005b0}: org/springframework/boot/actuate/endpoint/jmx/EndpointMBean> (0x00000006068005b0) 
thrown [s\open\src\hotspot\share\classfile\systemDictionary.cpp, line 313]
Event: 13.636 Thread 0x00000248d1247bf0 Exception <a 'java/lang/ClassNotFoundException'{0x0000000606800970}: org/springframework/boot/actuate/endpoint/jmx/DataEndpointMBean> (0x0000000606800970) 
thrown [s\open\src\hotspot\share\classfile\systemDictionary.cpp, line 313]
Event: 13.636 Thread 0x00000248d1247bf0 Exception <a 'java/lang/ClassNotFoundException'{0x0000000606800d28}: org/springframework/context/support/LiveBeansView> (0x0000000606800d28) 
thrown [s\open\src\hotspot\share\classfile\systemDictionary.cpp, line 313]
Event: 13.639 Thread 0x00000248d1247bf0 Exception <a 'java/lang/NoSuchMethodError'{0x000000060680dd78}: 'java.lang.Object java.lang.invoke.DirectMethodHandle$Holder.invokeInterface(java.lang.Object, java.lang.Object, java.lang.Object, java.lang.Object, java.lang.Object, java.lang.Object, java.lang.Object)'> (0x000000060680dd78) 
thrown [s\open\src\hotspot\share\interpreter\linkResolver.cpp, line 796]
Event: 14.477 Thread 0x00000248d01b67c0 Exception <a 'java/lang/NoSuchMethodError'{0x00000006065cdae0}: 'void java.lang.invoke.DirectMethodHandle$Holder.invokeStatic(java.lang.Object, java.lang.Object, java.lang.Object, java.lang.Object, java.lang.Object, java.lang.Object, java.lang.Object)'> (0x00000006065cdae0) 
thrown [s\open\src\hotspot\share\interpreter\linkResolver.cpp, line 796]
Event: 14.536 Thread 0x00000248d13380f0 Exception <a 'java/lang/NoSuchMethodError'{0x0000000621c92300}: 'java.lang.Object java.lang.invoke.DirectMethodHandle$Holder.newInvokeSpecial(java.lang.Object, java.lang.Object, long, java.lang.Object, java.lang.Object, java.lang.Object)'> (0x0000000621c92300) 
thrown [s\open\src\hotspot\share\interpreter\linkResolver.cpp, line 796]
Event: 14.536 Thread 0x00000248d13380f0 Exception <a 'java/lang/NoSuchMethodError'{0x0000000621c99b38}: 'java.lang.Object java.lang.invoke.Invokers$Holder.linkToTargetMethod(java.lang.Object, long, java.lang.Object, java.lang.Object, java.lang.Object, java.lang.Object)'> (0x0000000621c99b38) 
thrown [s\open\src\hotspot\share\interpreter\linkResolver.cpp, line 796]
Event: 20.459 Thread 0x00000248d1248910 Exception <a 'java/lang/NoSuchMethodError'{0x000000061508b220}: 'java.lang.Object java.lang.invoke.DirectMethodHandle$Holder.invokeStatic(java.lang.Object, java.lang.Object, java.lang.Object, int, int)'> (0x000000061508b220) 
thrown [s\open\src\hotspot\share\interpreter\linkResolver.cpp, line 796]
Event: 20.459 Thread 0x00000248d1248910 Exception <a 'java/lang/NoSuchMethodError'{0x000000061508ea08}: 'java.lang.Object java.lang.invoke.DirectMethodHandle$Holder.invokeStaticInit(java.lang.Object, java.lang.Object, java.lang.Object, int, int)'> (0x000000061508ea08) 
thrown [s\open\src\hotspot\share\interpreter\linkResolver.cpp, line 796]
Event: 20.490 Thread 0x00000248d124b700 Exception <a 'java/lang/NoSuchMethodError'{0x00000006153f6150}: 'java.lang.Object java.lang.invoke.DirectMethodHandle$Holder.invokeSpecial(java.lang.Object, java.lang.Object, java.lang.Object, java.lang.Object, java.lang.Object, long)'> (0x00000006153f6150) 
thrown [s\open\src\hotspot\share\interpreter\linkResolver.cpp, line 796]
Event: 20.490 Thread 0x00000248d124b700 Exception <a 'java/lang/NoSuchMethodError'{0x00000006153f9938}: 'java.lang.Object java.lang.invoke.Invokers$Holder.linkToTargetMethod(java.lang.Object, java.lang.Object, java.lang.Object, long, java.lang.Object)'> (0x00000006153f9938) 
thrown [s\open\src\hotspot\share\interpreter\linkResolver.cpp, line 796]
Event: 20.520 Thread 0x00000248d124b700 Exception <a 'java/lang/NoSuchMethodError'{0x0000000614fdbbf8}: 'java.lang.Object java.lang.invoke.DirectMethodHandle$Holder.invokeInterface(java.lang.Object, java.lang.Object, java.lang.Object, java.lang.Object)'> (0x0000000614fdbbf8) 
thrown [s\open\src\hotspot\share\interpreter\linkResolver.cpp, line 796]
Event: 34.900 Thread 0x00000248d124b700 Exception <a 'java/lang/IncompatibleClassChangeError'{0x0000000613045558}: Found class java.lang.Object, but interface was expected> (0x0000000613045558) 
thrown [s\open\src\hotspot\share\interpreter\linkResolver.cpp, line 863]
Event: 35.011 Thread 0x00000248d124b700 Exception <a 'java/lang/NoSuchMethodError'{0x0000000612befc68}: 'java.lang.Object java.lang.invoke.DirectMethodHandle$Holder.newInvokeSpecial(java.lang.Object, java.lang.Object, java.lang.Object, long)'> (0x0000000612befc68) 
thrown [s\open\src\hotspot\share\interpreter\linkResolver.cpp, line 796]
Event: 35.011 Thread 0x00000248d124b700 Exception <a 'java/lang/NoSuchMethodError'{0x0000000612bf40a0}: 'java.lang.Object java.lang.invoke.DirectMethodHandle$Holder.invokeSpecial(java.lang.Object, java.lang.Object, java.lang.Object, java.lang.Object, long)'> (0x0000000612bf40a0) 
thrown [s\open\src\hotspot\share\interpreter\linkResolver.cpp, line 796]
Event: 35.012 Thread 0x00000248d124b700 Exception <a 'java/lang/NoSuchMethodError'{0x0000000612bf7d88}: 'java.lang.Object java.lang.invoke.Invokers$Holder.linkToTargetMethod(java.lang.Object, java.lang.Object, long, java.lang.Object)'> (0x0000000612bf7d88) 
thrown [s\open\src\hotspot\share\interpreter\linkResolver.cpp, line 796]
Event: 70.711 Thread 0x00000248d124b070 Exception <a 'java/lang/NoSuchMethodError'{0x000000061231f320}: 'int java.lang.invoke.DirectMethodHandle$Holder.invokeStatic(java.lang.Object, java.lang.Object, int, int)'> (0x000000061231f320) 
thrown [s\open\src\hotspot\share\interpreter\linkResolver.cpp, line 796]
Event: 84.506 Thread 0x00000248d124a9e0 Exception <a 'java/lang/IncompatibleClassChangeError'{0x0000000611e383e0}: Found class java.lang.Object, but interface was expected> (0x0000000611e383e0) 
thrown [s\open\src\hotspot\share\interpreter\linkResolver.cpp, line 863]
Event: 84.595 Thread 0x00000248d124a9e0 Exception <a 'java/lang/NoSuchMethodError'{0x00000006116c7478}: 'java.lang.Object java.lang.invoke.DirectMethodHandle$Holder.invokeInterface(java.lang.Object, java.lang.Object, java.lang.Object, int)'> (0x00000006116c7478) 
thrown [s\open\src\hotspot\share\interpreter\linkResolver.cpp, line 796]

VM Operations (20 events):
Event: 101.846 Executing VM operation: ChangeSingleStep
Event: 101.846 Executing VM operation: ChangeSingleStep done
Event: 101.847 Executing VM operation: get/set locals
Event: 101.847 Executing VM operation: get/set locals done
Event: 101.851 Executing VM operation: ChangeSingleStep
Event: 101.851 Executing VM operation: ChangeSingleStep done
Event: 101.854 Executing VM operation: get/set locals
Event: 101.854 Executing VM operation: get/set locals done
Event: 102.199 Executing VM operation: ChangeSingleStep
Event: 102.199 Executing VM operation: ChangeSingleStep done
Event: 102.200 Executing VM operation: ChangeSingleStep
Event: 102.200 Executing VM operation: ChangeSingleStep done
Event: 102.253 Executing VM operation: get/set locals
Event: 102.253 Executing VM operation: get/set locals done
Event: 109.289 Executing VM operation: ChangeSingleStep
Event: 109.289 Executing VM operation: ChangeSingleStep done
Event: 109.290 Executing VM operation: ChangeSingleStep
Event: 109.290 Executing VM operation: ChangeSingleStep done
Event: 109.291 Executing VM operation: ChangeSingleStep
Event: 109.291 Executing VM operation: ChangeSingleStep done

Memory protections (0 events):
No events

Nmethod flushes (20 events):
Event: 10.998 Thread 0x00000248fab67cc0 flushing  nmethod 0x00000248f5ebe188
Event: 10.998 Thread 0x00000248fab67cc0 flushing  nmethod 0x00000248f5a4d088
Event: 10.998 Thread 0x00000248fab67cc0 flushing  nmethod 0x00000248f5e48808
Event: 10.998 Thread 0x00000248fab67cc0 flushing  nmethod 0x00000248f5eb0908
Event: 10.998 Thread 0x00000248fab67cc0 flushing  nmethod 0x00000248f5ec4808
Event: 10.998 Thread 0x00000248fab67cc0 flushing  nmethod 0x00000248f5ec4b88
Event: 10.998 Thread 0x00000248fab67cc0 flushing  nmethod 0x00000248f5e94c88
Event: 10.998 Thread 0x00000248fab67cc0 flushing  nmethod 0x00000248f5fa7f88
Event: 10.998 Thread 0x00000248fab67cc0 flushing  nmethod 0x00000248f5c09588
Event: 10.998 Thread 0x00000248fab67cc0 flushing  nmethod 0x00000248f5cfd408
Event: 10.998 Thread 0x00000248fab67cc0 flushing  nmethod 0x00000248f5e81c88
Event: 10.998 Thread 0x00000248fab67cc0 flushing  nmethod 0x00000248f5e8fe08
Event: 10.998 Thread 0x00000248fab67cc0 flushing  nmethod 0x00000248f5e90888
Event: 10.998 Thread 0x00000248fab67cc0 flushing  nmethod 0x00000248f5e93308
Event: 10.998 Thread 0x00000248fab67cc0 flushing  nmethod 0x00000248f5ecad08
Event: 10.998 Thread 0x00000248fab67cc0 flushing  nmethod 0x00000248f5ef0708
Event: 10.998 Thread 0x00000248fab67cc0 flushing  nmethod 0x00000248f5ef1108
Event: 10.998 Thread 0x00000248fab67cc0 flushing  nmethod 0x00000248f5a30a08
Event: 10.998 Thread 0x00000248fab67cc0 flushing  nmethod 0x00000248f5ac5b08
Event: 10.998 Thread 0x00000248fab67cc0 flushing  nmethod 0x00000248f5ed6288

Events (20 events):
Event: 13.561 Thread 0x00000248c9ebb580 Thread added: 0x00000248d124eb80
Event: 13.564 Thread 0x00000248c9ea3c10 Thread added: 0x00000248d1247bf0
Event: 13.567 Thread 0x00000248d1247bf0 Thread added: 0x00000248d1249cc0
Event: 14.473 Thread 0x00000248ce34dbc0 Thread exited: 0x00000248ce34dbc0
Event: 14.514 Thread 0x00000248ce815ac0 Thread added: 0x00000248d13380f0
Event: 14.515 Thread 0x00000248ce815ac0 Thread added: 0x00000248d133f710
Event: 14.516 Thread 0x00000248ce815ac0 Thread added: 0x00000248d133cfb0
Event: 15.988 Thread 0x00000248d01b6130 Thread exited: 0x00000248d01b6130
Event: 19.320 Thread 0x00000248ce3d58b0 Thread exited: 0x00000248ce3d58b0
Event: 23.159 Thread 0x00000248ce444ed0 Thread exited: 0x00000248ce444ed0
Event: 43.469 Thread 0x00000248d1248280 Thread added: 0x00000248d133b570
Event: 43.469 Thread 0x00000248d01b4060 Thread added: 0x00000248d13394a0
Event: 72.937 Thread 0x00000248ce817b90 Thread exited: 0x00000248ce817b90
Event: 73.512 Thread 0x00000248d01b5aa0 Thread exited: 0x00000248d01b5aa0
Event: 84.556 Thread 0x00000248d124a9e0 Thread added: 0x00000248d133c920
Event: 84.604 Thread 0x00000248d124a9e0 Thread added: 0x00000248d133c290
Event: 84.610 Thread 0x00000248d124a9e0 Thread added: 0x00000248d1338780
Event: 84.645 Thread 0x00000248d124a9e0 Thread added: 0x00000248d133f080
Event: 90.894 Thread 0x00000248c9ef1b80 Thread exited: 0x00000248c9ef1b80
Event: 90.894 Thread 0x00000248c9ed7fc0 Thread exited: 0x00000248c9ed7fc0


Dynamic libraries:
0x00007ff65d4e0000 - 0x00007ff65d4f0000 	C:\Program Files\Java\jdk-23.0.1\bin\javaw.exe
0x00007ffc0beb0000 - 0x00007ffc0c0a8000 	C:\Windows\SYSTEM32\ntdll.dll
0x00007ffc0bda0000 - 0x00007ffc0be62000 	C:\Windows\System32\KERNEL32.DLL
0x00007ffc09980000 - 0x00007ffc09c77000 	C:\Windows\System32\KERNELBASE.dll
0x00007ffc09760000 - 0x00007ffc09860000 	C:\Windows\System32\ucrtbase.dll
0x00007ffc01270000 - 0x00007ffc0128b000 	C:\Program Files\Java\jdk-23.0.1\bin\VCRUNTIME140.dll
0x00007ffc02bf0000 - 0x00007ffc02c07000 	C:\Program Files\Java\jdk-23.0.1\bin\jli.dll
0x00007ffc0b9f0000 - 0x00007ffc0bb8d000 	C:\Windows\System32\USER32.dll
0x00007ffbedce0000 - 0x00007ffbedf7a000 	C:\Windows\WinSxS\amd64_microsoft.windows.common-controls_6595b64144ccf1df_6.0.19041.5915_none_60b4b9d171f9c7c7\COMCTL32.dll
0x00007ffc09d80000 - 0x00007ffc09da2000 	C:\Windows\System32\win32u.dll
0x00007ffc0bb90000 - 0x00007ffc0bc2e000 	C:\Windows\System32\msvcrt.dll
0x00007ffc0bc90000 - 0x00007ffc0bcbb000 	C:\Windows\System32\GDI32.dll
0x00007ffc09db0000 - 0x00007ffc09ec9000 	C:\Windows\System32\gdi32full.dll
0x00007ffc09860000 - 0x00007ffc098fd000 	C:\Windows\System32\msvcp_win.dll
0x00007ffc0a6a0000 - 0x00007ffc0a6cf000 	C:\Windows\System32\IMM32.DLL
0x00007ffbe94f0000 - 0x00007ffbe95a1000 	C:\Program Files\McAfee\Endpoint Security\Threat Prevention\Ips\EpMPApi.dll
0x00007ffc0b360000 - 0x00007ffc0b486000 	C:\Windows\System32\RPCRT4.dll
0x00007ffc0ad80000 - 0x00007ffc0ae31000 	C:\Windows\System32\ADVAPI32.dll
0x00007ffc0a800000 - 0x00007ffc0a89f000 	C:\Windows\System32\sechost.dll
0x00007ffc09540000 - 0x00007ffc09567000 	C:\Windows\System32\bcrypt.dll
0x00007ffc09900000 - 0x00007ffc09973000 	C:\Windows\System32\WINTRUST.dll
0x00007ffc09600000 - 0x00007ffc0975d000 	C:\Windows\System32\CRYPT32.dll
0x00007ffc09100000 - 0x00007ffc09112000 	C:\Windows\SYSTEM32\MSASN1.dll
0x00000000590e0000 - 0x00000000590ec000 	C:\Program Files\McAfee\Endpoint Security\Threat Prevention\Ips\EpMPThe.dll
0x00007ffc02dc0000 - 0x00007ffc02dcc000 	C:\Program Files\Java\jdk-23.0.1\bin\vcruntime140_1.dll
0x00007ffbf3100000 - 0x00007ffbf318e000 	C:\Program Files\Java\jdk-23.0.1\bin\msvcp140.dll
0x00007ffb6f9c0000 - 0x00007ffb7070f000 	C:\Program Files\Java\jdk-23.0.1\bin\server\jvm.dll
0x00007ffc0b7c0000 - 0x00007ffc0b82b000 	C:\Windows\System32\WS2_32.dll
0x00007ffc08a90000 - 0x00007ffc08adb000 	C:\Windows\SYSTEM32\POWRPROF.dll
0x00007ffc029b0000 - 0x00007ffc029ba000 	C:\Windows\SYSTEM32\VERSION.dll
0x00007ffbf0320000 - 0x00007ffbf0347000 	C:\Windows\SYSTEM32\WINMM.dll
0x00007ffc08900000 - 0x00007ffc08912000 	C:\Windows\SYSTEM32\UMPDC.dll
0x00007ffc071a0000 - 0x00007ffc071b2000 	C:\Windows\SYSTEM32\kernel.appcore.dll
0x00007ffc02d90000 - 0x00007ffc02d9a000 	C:\Program Files\Java\jdk-23.0.1\bin\jimage.dll
0x00007ffc039f0000 - 0x00007ffc03bf1000 	C:\Windows\SYSTEM32\DBGHELP.DLL
0x00007ffbfc380000 - 0x00007ffbfc3b4000 	C:\Windows\SYSTEM32\dbgcore.DLL
0x00007ffc09570000 - 0x00007ffc095f2000 	C:\Windows\System32\bcryptPrimitives.dll
0x00007ffbf31c0000 - 0x00007ffbf31fc000 	C:\Program Files\Java\jdk-23.0.1\bin\jdwp.dll
0x00007ffc00c50000 - 0x00007ffc00c5f000 	C:\Program Files\Java\jdk-23.0.1\bin\instrument.dll
0x00007ffbf30e0000 - 0x00007ffbf30fe000 	C:\Program Files\Java\jdk-23.0.1\bin\java.dll
0x00007ffc0b5d0000 - 0x00007ffc0b6fb000 	C:\Windows\System32\ole32.dll
0x00007ffc0a8a0000 - 0x00007ffc0abf3000 	C:\Windows\System32\combase.dll
0x00007ffc09ed0000 - 0x00007ffc0a63e000 	C:\Windows\System32\SHELL32.dll
0x00007ffc073a0000 - 0x00007ffc07b44000 	C:\Windows\SYSTEM32\windows.storage.dll
0x00007ffc08e90000 - 0x00007ffc08ebb000 	C:\Windows\SYSTEM32\Wldp.dll
0x00007ffc0a730000 - 0x00007ffc0a7fd000 	C:\Windows\System32\OLEAUT32.dll
0x00007ffc0b710000 - 0x00007ffc0b7bd000 	C:\Windows\System32\SHCORE.dll
0x00007ffc0a6d0000 - 0x00007ffc0a72b000 	C:\Windows\System32\shlwapi.dll
0x00007ffc09470000 - 0x00007ffc09494000 	C:\Windows\SYSTEM32\profapi.dll
0x00007ffc00b20000 - 0x00007ffc00b2c000 	C:\Program Files\Java\jdk-23.0.1\bin\dt_socket.dll
0x00007ffc08920000 - 0x00007ffc0895b000 	C:\Windows\SYSTEM32\IPHLPAPI.DLL
0x00007ffc08c70000 - 0x00007ffc08cda000 	C:\Windows\system32\mswsock.dll
0x00007ffc08970000 - 0x00007ffc08a3a000 	C:\Windows\SYSTEM32\DNSAPI.dll
0x00007ffc0b830000 - 0x00007ffc0b838000 	C:\Windows\System32\NSI.dll
0x00007ffbfab20000 - 0x00007ffbfab2a000 	C:\Windows\System32\rasadhlp.dll
0x00007ffc02e80000 - 0x00007ffc02f00000 	C:\Windows\System32\fwpuclnt.dll
0x00007ffbf30c0000 - 0x00007ffbf30d7000 	C:\Program Files\Java\jdk-23.0.1\bin\zip.dll
0x00007ffbfa720000 - 0x00007ffbfa730000 	C:\Program Files\Java\jdk-23.0.1\bin\net.dll
0x00007ffbf30a0000 - 0x00007ffbf30b6000 	C:\Program Files\Java\jdk-23.0.1\bin\nio.dll
0x00007ffbf5510000 - 0x00007ffbf551a000 	C:\Program Files\Java\jdk-23.0.1\bin\management.dll
0x00007ffbefda0000 - 0x00007ffbefdab000 	C:\Program Files\Java\jdk-23.0.1\bin\management_ext.dll
0x00007ffc0b700000 - 0x00007ffc0b708000 	C:\Windows\System32\PSAPI.DLL
0x00007ffbeb400000 - 0x00007ffbeb417000 	C:\Windows\system32\napinsp.dll
0x00007ffbea720000 - 0x00007ffbea73b000 	C:\Windows\system32\pnrpnsp.dll
0x00007ffbe01f0000 - 0x00007ffbe020d000 	C:\Windows\system32\wshbth.dll
0x00007ffc02320000 - 0x00007ffc0233d000 	C:\Windows\system32\NLAapi.dll
0x00007ffbe01d0000 - 0x00007ffbe01e2000 	C:\Windows\System32\winrnr.dll
0x00007ffc08ed0000 - 0x00007ffc08ee8000 	C:\Windows\SYSTEM32\CRYPTSP.dll
0x00007ffc08540000 - 0x00007ffc08578000 	C:\Windows\system32\rsaenh.dll
0x00007ffc09430000 - 0x00007ffc0945e000 	C:\Windows\SYSTEM32\USERENV.dll
0x00007ffc08e00000 - 0x00007ffc08e0c000 	C:\Windows\SYSTEM32\CRYPTBASE.dll
0x00007ffbefd90000 - 0x00007ffbefd99000 	C:\Program Files\Java\jdk-23.0.1\bin\extnet.dll
0x00007ffbefd80000 - 0x00007ffbefd90000 	C:\Program Files\Java\jdk-23.0.1\bin\verify.dll
0x00007ffbefd60000 - 0x00007ffbefd6e000 	C:\Program Files\Java\jdk-23.0.1\bin\sunmscapi.dll
0x00007ffc08fe0000 - 0x00007ffc09007000 	C:\Windows\SYSTEM32\ncrypt.dll
0x00007ffc08fa0000 - 0x00007ffc08fdb000 	C:\Windows\SYSTEM32\NTASN1.dll
0x00007ffbdfe10000 - 0x00007ffbdfe17000 	C:\Windows\system32\wshunix.dll

dbghelp: loaded successfully - version: 4.0.5 - missing functions: none
symbol engine: initialized successfully - sym options: 0x614 - pdb path: .;C:\Program Files\Java\jdk-23.0.1\bin;C:\Windows\SYSTEM32;C:\Windows\WinSxS\amd64_microsoft.windows.common-controls_6595b64144ccf1df_6.0.19041.5915_none_60b4b9d171f9c7c7;C:\Program Files\McAfee\Endpoint Security\Threat Prevention\Ips;C:\Program Files\Java\jdk-23.0.1\bin\server

VM Arguments:
jvm_args: -XX:+ShowCodeDetailsInExceptionMessages -agentlib:jdwp=transport=dt_socket,suspend=y,address=localhost:50986 -Dcom.sun.management.jmxremote -Dcom.sun.management.jmxremote.port=50985 -Dcom.sun.management.jmxremote.authenticate=false -Dcom.sun.management.jmxremote.ssl=false -Djava.rmi.server.hostname=localhost -Dspring.jmx.enabled=true -Dmanagement.endpoints.jmx.exposure.include=* -Dspring.application.admin.enabled=true -XX:TieredStopAtLevel=1 -Dspring.boot.project.name=jobms-embarkx-proj -javaagent:E:\Softwares\spring-tool-suite-4-4.26.0.RELEASE-e4.33.0-win32.win32.x86_64\sts-4.26.0.RELEASE\configuration\org.eclipse.osgi\271\0\.cp\lib\javaagent-shaded.jar -Dfile.encoding=UTF-8 -Dstdout.encoding=UTF-8 -Dstderr.encoding=UTF-8 
java_command: com.jobms.JobmsEmbarkxProjApplication --spring.output.ansi.enabled=always
java_class_path (initial): E:\WorkspacesForPractice\jobapp-embarkx-microservices-proj\jobms-embarkx-proj\target\classes;C:\Users\amolsuryabhans\.m2\repository\org\springframework\boot\spring-boot-starter-web\3.5.4\spring-boot-starter-web-3.5.4.jar;C:\Users\amolsuryabhans\.m2\repository\org\springframework\boot\spring-boot-starter-json\3.5.4\spring-boot-starter-json-3.5.4.jar;C:\Users\amolsuryabhans\.m2\repository\com\fasterxml\jackson\datatype\jackson-datatype-jdk8\2.19.2\jackson-datatype-jdk8-2.19.2.jar;C:\Users\amolsuryabhans\.m2\repository\com\fasterxml\jackson\datatype\jackson-datatype-jsr310\2.19.2\jackson-datatype-jsr310-2.19.2.jar;C:\Users\amolsuryabhans\.m2\repository\com\fasterxml\jackson\module\jackson-module-parameter-names\2.19.2\jackson-module-parameter-names-2.19.2.jar;C:\Users\amolsuryabhans\.m2\repository\org\springframework\boot\spring-boot-starter-tomcat\3.5.4\spring-boot-starter-tomcat-3.5.4.jar;C:\Users\amolsuryabhans\.m2\repository\org\apache\tomcat\embed\tomcat-embed-core\10.1.43\tomcat-embed-core-10.1.43.jar;C:\Users\amolsuryabhans\.m2\repository\org\apache\tomcat\embed\tomcat-embed-el\10.1.43\tomcat-embed-el-10.1.43.jar;C:\Users\amolsuryabhans\.m2\repository\org\apache\tomcat\embed\tomcat-embed-websocket\10.1.43\tomcat-embed-websocket-10.1.43.jar;C:\Users\amolsuryabhans\.m2\repository\org\springframework\spring-web\6.2.9\spring-web-6.2.9.jar;C:\Users\amolsuryabhans\.m2\repository\org\springframework\spring-beans\6.2.9\spring-beans-6.2.9.jar;C:\Users\amolsuryabhans\.m2\repository\org\springframework\spring-webmvc\6.2.9\spring-webmvc-6.2.9.jar;C:\Users\amolsuryabhans\.m2\repository\org\springframework\spring-aop\6.2.9\spring-aop-6.2.9.jar;C:\Users\amolsuryabhans\.m2\repository\org\springframework\spring-context\6.2.9\spring-context-6.2.9.jar;C:\Users\amolsuryabhans\.m2\repository\org\springframework\spring-expression\6.2.9\spring-expression-6.2.9.jar;C:\Users\amolsuryabhans\.m2\repository\com\h2database\h2\2.3.232\h2-2.3.232.jar;C:\Users\amolsuryabhans\.m2\repository\jakarta\xml\bind\jakarta.xml.bind-api\4.0.2\jakarta.xml.bind-api-4.0.2.jar;C:\Users\amolsuryabhans\.m2\repository\jakarta\activation\jakarta.activation-api\2.1.3\jakarta.activation-api-2.1.3.jar;C:\Users\amolsuryabhans\.m2\repository\net\bytebuddy\byte-buddy\1.17.6\byte-buddy-1.17.6.jar;C:\Users\amolsuryabhans\.m2\repository\org\springframework\spring-core\6.2.9\spring-core-6.2.9.jar;C:\Users\amolsuryabhans\.m2\repository\org\springframework\spring-jcl\6.2.9\spring-jcl-6.2.9.jar;C:\Users\amolsuryabhans\.m2\repository\org\springframework\boot\spring-boot-starter-data-jpa\3.5.4\spring-boot-starter-data-jpa-3.5.4.jar;C:\Users\amolsuryabhans\.m2\repository\org\springframework\boot\spring-boot-starter-jdbc\3.5.4\spring-boot-starter-jdbc-3.5.4.jar;C:\Users\amolsuryabhans\.m2\repository\com\zaxxer\HikariCP\6.3.1\HikariCP-6.3.1.jar;C:\Users\amolsuryabhans\.m2\repository\org\springframework\spring-jdbc\6.2.9\spring-jdbc-6.2.9.jar;C:\Users\amolsuryabhans\.m2\repository\org\hibernate\orm\hibernate-core\6.6.22.Final\hibernate-core-6.6.22.Final.jar;C:\Users\amolsuryabhans\.m2\repository\jakarta\persistence\jakarta.persistence-api\3.1.0\jakarta.persistence-api-3.1.0.jar;C:\Users\amolsuryabhans\.m2\repository\jakarta\transaction\jakarta.transaction-api\2.0.1\jakarta.transaction-api-2.0.1.jar;C:\Users\amolsuryabhans\.m2\repository\org\jboss\logging\jboss-logging\3.6.1.Final\jboss-logging-3.6.1.Final.jar;C:\Users\amolsuryabhans\.m2\repository\org\hibernate\common\hibernate-commons-annotations\7.0.3.Final\hibernate-commons-annotations-7.0.3.Final.jar;C:\Users\amolsuryabhans\.m2\repository\io\smallrye\jandex\3.2.0\jandex-3.2.0.jar;C:\Users\amolsuryabhans\.m2\repository\com\fasterxml\classmate\1.7.0\classmate-1.7.0.jar;C:\Users\amolsuryabhans\.m2\repository\org\glassfish\jaxb\jaxb-runtime\4.0.5\jaxb-runtime-4.0.5.jar;C:\Users\amolsuryabhans\.m2\repository\org\glassfish\jaxb\jaxb-core\4.0.5\jaxb-core-4.0.5.jar;C:\Users\amolsuryabhans\.m2\repository\org\eclipse\angus\angus-activation\2.0.2\angus-activation-2.0.2.jar;C:\Users\amolsuryabhans\.m2\repository\org\glassfish\jaxb\txw2\4.0.5\txw2-4.0.5.jar;C:\Users\amolsuryabhans\.m2\repository\com\sun\istack\istack-commons-runtime\4.1.2\istack-commons-runtime-4.1.2.jar;C:\Users\amolsuryabhans\.m2\repository\jakarta\inject\jakarta.inject-api\2.0.1\jakarta.inject-api-2.0.1.jar;C:\Users\amolsuryabhans\.m2\repository\org\antlr\antlr4-runtime\4.13.0\antlr4-runtime-4.13.0.jar;C:\Users\amolsuryabhans\.m2\repository\org\springframework\data\spring-data-jpa\3.5.2\spring-data-jpa-3.5.2.jar;C:\Users\amolsuryabhans\.m2\repository\org\springframework\data\spring-data-commons\3.5.2\spring-data-commons-3.5.2.jar;C:\Users\amolsuryabhans\.m2\repository\org\springframework\spring-orm\6.2.9\spring-orm-6.2.9.jar;C:\Users\amolsuryabhans\.m2\repository\org\springframework\spring-tx\6.2.9\spring-tx-6.2.9.jar;C:\Users\amolsuryabhans\.m2\repository\org\springframework\spring-aspects\6.2.9\spring-aspects-6.2.9.jar;C:\Users\amolsuryabhans\.m2\repository\org\aspectj\aspectjweaver\1.9.24\aspectjweaver-1.9.24.jar;C:\Users\amolsuryabhans\.m2\repository\org\springframework\boot\spring-boot-starter\3.5.4\spring-boot-starter-3.5.4.jar;C:\Users\amolsuryabhans\.m2\repository\org\springframework\boot\spring-boot\3.5.4\spring-boot-3.5.4.jar;C:\Users\amolsuryabhans\.m2\repository\org\springframework\boot\spring-boot-autoconfigure\3.5.4\spring-boot-autoconfigure-3.5.4.jar;C:\Users\amolsuryabhans\.m2\repository\org\springframework\boot\spring-boot-starter-logging\3.5.4\spring-boot-starter-logging-3.5.4.jar;C:\Users\amolsuryabhans\.m2\repository\ch\qos\logback\logback-classic\1.5.18\logback-classic-1.5.18.jar;C:\Users\amolsuryabhans\.m2\repository\ch\qos\logback\logback-core\1.5.18\logback-core-1.5.18.jar;C:\Users\amolsuryabhans\.m2\repository\org\apache\logging\log4j\log4j-to-slf4j\2.24.3\log4j-to-slf4j-2.24.3.jar;C:\Users\amolsuryabhans\.m2\repository\org\apache\logging\log4j\log4j-api\2.24.3\log4j-api-2.24.3.jar;C:\Users\amolsuryabhans\.m2\repository\org\slf4j\jul-to-slf4j\2.0.17\jul-to-slf4j-2.0.17.jar;C:\Users\amolsuryabhans\.m2\repository\jakarta\annotation\jakarta.annotation-api\2.1.1\jakarta.annotation-api-2.1.1.jar;C:\Users\amolsuryabhans\.m2\repository\org\yaml\snakeyaml\2.4\snakeyaml-2.4.jar;C:\Users\amolsuryabhans\.m2\repository\org\postgresql\postgresql\42.7.7\postgresql-42.7.7.jar;C:\Users\amolsuryabhans\.m2\repository\org\checkerframework\checker-qual\3.49.3\checker-qual-3.49.3.jar;C:\Users\amolsuryabhans\.m2\repository\org\springframework\cloud\spring-cloud-starter-netflix-eureka-client\4.3.0\spring-cloud-starter-netflix-eureka-client-4.3.0.jar;C:\Users\amolsuryabhans\.m2\repository\org\springframework\cloud\spring-cloud-starter\4.3.0\spring-cloud-starter-4.3.0.jar;C:\Users\amolsuryabhans\.m2\repository\org\springframework\cloud\spring-cloud-context\4.3.0\spring-cloud-context-4.3.0.jar;C:\Users\amolsuryabhans\.m2\repository\org\bouncycastle\bcprov-jdk18on\1.80\bcprov-jdk18on-1.80.jar;C:\Users\amolsuryabhans\.m2\repository\org\springframework\cloud\spring-cloud-netflix-eureka-client\4.3.0\spring-cloud-netflix-eureka-client-4.3.0.jar;C:\Users\amolsuryabhans\.m2\repository\org\apache\httpcomponents\client5\httpclient5\5.5\httpclient5-5.5.jar;C:\Users\amolsuryabhans\.m2\repository\org\apache\httpcomponents\core5\httpcore5\5.3.4\httpcore5-5.3.4.jar;C:\Users\amolsuryabhans\.m2\repository\org\apache\httpcomponents\core5\httpcore5-h2\5.3.4\httpcore5-h2-5.3.4.jar;C:\Users\amolsuryabhans\.m2\repository\com\netflix\eureka\eureka-client\2.0.4\eureka-client-2.0.4.jar;C:\Users\amolsuryabhans\.m2\repository\com\thoughtworks\xstream\xstream\1.4.20\xstream-1.4.20.jar;C:\Users\amolsuryabhans\.m2\repository\io\github\x-stream\mxparser\1.2.2\mxparser-1.2.2.jar;C:\Users\amolsuryabhans\.m2\repository\xmlpull\xmlpull\1.1.3.1\xmlpull-1.1.3.1.jar;C:\Users\amolsuryabhans\.m2\repository\jakarta\ws\rs\jakarta.ws.rs-api\3.1.0\jakarta.ws.rs-api-3.1.0.jar;C:\Users\amolsuryabhans\.m2\repository\com\netflix\spectator\spectator-api\1.7.3\spectator-api-1.7.3.jar;C:\Users\amolsuryabhans\.m2\repository\org\apache\httpcomponents\httpclient\4.5.3\httpclient-4.5.3.jar;C:\Users\amolsuryabhans\.m2\repository\org\apache\httpcomponents\httpcore\4.4.16\httpcore-4.4.16.jar;C:\Users\amolsuryabhans\.m2\repository\commons-codec\commons-codec\1.18.0\commons-codec-1.18.0.jar;C:\Users\amolsuryabhans\.m2\repository\commons-configuration\commons-configuration\1.10\commons-configuration-1.10.jar;C:\Users\amolsuryabhans\.m2\repository\commons-lang\commons-lang\2.6\commons-lang-2.6.jar;C:\Users\amolsuryabhans\.m2\repository\com\fasterxml\jackson\core\jackson-annotations\2.19.2\jackson-annotations-2.19.2.jar;C:\Users\amolsuryabhans\.m2\repository\com\fasterxml\jackson\core\jackson-core\2.19.2\jackson-core-2.19.2.jar;C:\Users\amolsuryabhans\.m2\repository\com\netflix\netflix-commons\netflix-eventbus\0.3.0\netflix-eventbus-0.3.0.jar;C:\Users\amolsuryabhans\.m2\repository\com\netflix\netflix-commons\netflix-infix\0.3.0\netflix-infix-0.3.0.jar;C:\Users\amolsuryabhans\.m2\repository\commons-jxpath\commons-jxpath\1.3\commons-jxpath-1.3.jar;C:\Users\amolsuryabhans\.m2\repository\joda-time\joda-time\2.3\joda-time-2.3.jar;C:\Users\amolsuryabhans\.m2\repository\org\antlr\antlr-runtime\3.4\antlr-runtime-3.4.jar;C:\Users\amolsuryabhans\.m2\repository\org\antlr\stringtemplate\3.2.1\stringtemplate-3.2.1.jar;C:\Users\amolsuryabhans\.m2\repository\antlr\antlr\2.7.7\antlr-2.7.7.jar;C:\Users\amolsuryabhans\.m2\repository\com\google\guava\guava\14.0.1\guava-14.0.1.jar;C:\Users\amolsuryabhans\.m2\repository\com\google\code\gson\gson\2.13.1\gson-2.13.1.jar;C:\Users\amolsuryabhans\.m2\repository\com\google\errorprone\error_prone_annotations\2.38.0\error_prone_annotations-2.38.0.jar;C:\Users\amolsuryabhans\.m2\repository\com\netflix\servo\servo-core\0.5.3\servo-core-0.5.3.jar;C:\Users\amolsuryabhans\.m2\repository\org\apache\commons\commons-math\2.2\commons-math-2.2.jar;C:\Users\amolsuryabhans\.m2\repository\javax\annotation\javax.annotation-api\1.2\javax.annotation-api-1.2.jar;C:\Users\amolsuryabhans\.m2\repository\org\codehaus\jettison\jettison\1.5.4\jettison-1.5.4.jar;C:\Users\amolsuryabhans\.m2\repository\org\springframework\cloud\spring-cloud-starter-loadbalancer\4.3.0\spring-cloud-starter-loadbalancer-4.3.0.jar;C:\Users\amolsuryabhans\.m2\repository\org\springframework\cloud\spring-cloud-loadbalancer\4.3.0\spring-cloud-loadbalancer-4.3.0.jar;C:\Users\amolsuryabhans\.m2\repository\io\projectreactor\reactor-core\3.7.8\reactor-core-3.7.8.jar;C:\Users\amolsuryabhans\.m2\repository\org\reactivestreams\reactive-streams\1.0.4\reactive-streams-1.0.4.jar;C:\Users\amolsuryabhans\.m2\repository\io\projectreactor\addons\reactor-extra\3.5.2\reactor-extra-3.5.2.jar;C:\Users\amolsuryabhans\.m2\repository\org\springframework\boot\spring-boot-starter-cache\3.5.4\spring-boot-starter-cache-3.5.4.jar;C:\Users\amolsuryabhans\.m2\repository\org\springframework\spring-context-support\6.2.9\spring-context-support-6.2.9.jar;C:\Users\amolsuryabhans\.m2\repository\com\stoyanr\evictor\1.0.0\evictor-1.0.0.jar;C:\Users\amolsuryabhans\.m2\repository\org\springframework\cloud\spring-cloud-starter-openfeign\4.3.0\spring-cloud-starter-openfeign-4.3.0.jar;C:\Users\amolsuryabhans\.m2\repository\org\springframework\cloud\spring-cloud-openfeign-core\4.3.0\spring-cloud-openfeign-core-4.3.0.jar;C:\Users\amolsuryabhans\.m2\repository\io\github\openfeign\feign-form-spring\13.6\feign-form-spring-13.6.jar;C:\Users\amolsuryabhans\.m2\repository\org\apache\commons\commons-text\1.13.0\commons-text-1.13.0.jar;C:\Users\amolsuryabhans\.m2\repository\org\apache\commons\commons-lang3\3.17.0\commons-lang3-3.17.0.jar;C:\Users\amolsuryabhans\.m2\repository\io\github\openfeign\feign-form\13.6\feign-form-13.6.jar;C:\Users\amolsuryabhans\.m2\repository\commons-fileupload\commons-fileupload\1.5\commons-fileupload-1.5.jar;C:\Users\amolsuryabhans\.m2\repository\org\springframework\cloud\spring-cloud-commons\4.3.0\spring-cloud-commons-4.3.0.jar;C:\Users\amolsuryabhans\.m2\repository\org\springframework\security\spring-security-crypto\6.5.2\spring-security-crypto-6.5.2.jar;C:\Users\amolsuryabhans\.m2\repository\io\github\openfeign\feign-core\13.6\feign-core-13.6.jar;C:\Users\amolsuryabhans\.m2\repository\io\github\openfeign\feign-slf4j\13.6\feign-slf4j-13.6.jar;C:\Users\amolsuryabhans\.m2\repository\org\springframework\boot\spring-boot-starter-actuator\3.5.4\spring-boot-starter-actuator-3.5.4.jar;C:\Users\amolsuryabhans\.m2\repository\org\springframework\boot\spring-boot-actuator-autoconfigure\3.5.4\spring-boot-actuator-autoconfigure-3.5.4.jar;C:\Users\amolsuryabhans\.m2\repository\org\springframework\boot\spring-boot-actuator\3.5.4\spring-boot-actuator-3.5.4.jar;C:\Users\amolsuryabhans\.m2\repository\io\micrometer\micrometer-observation\1.15.2\micrometer-observation-1.15.2.jar;C:\Users\amolsuryabhans\.m2\repository\io\micrometer\micrometer-commons\1.15.2\micrometer-commons-1.15.2.jar;C:\Users\amolsuryabhans\.m2\repository\io\micrometer\micrometer-jakarta9\1.15.2\micrometer-jakarta9-1.15.2.jar;C:\Users\amolsuryabhans\.m2\repository\io\micrometer\micrometer-core\1.15.2\micrometer-core-1.15.2.jar;C:\Users\amolsuryabhans\.m2\repository\org\hdrhistogram\HdrHistogram\2.2.2\HdrHistogram-2.2.2.jar;C:\Users\amolsuryabhans\.m2\repository\org\latencyutils\LatencyUtils\2.0.3\LatencyUtils-2.0.3.jar;C:\Users\amolsuryabhans\.m2\repository\io\micrometer\micrometer-tracing-bridge-brave\1.5.2\micrometer-tracing-bridge-brave-1.5.2.jar;C:\Users\amolsuryabhans\.m2\repository\io\micrometer\micrometer-tracing\1.5.2\micrometer-tracing-1.5.2.jar;C:\Users\amolsuryabhans\.m2\repository\io\micrometer\context-propagation\1.1.3\context-propagation-1.1.3.jar;C:\Users\amolsuryabhans\.m2\repository\aopalliance\aopalliance\1.0\aopalliance-1.0.jar;C:\Users\amolsuryabhans\.m2\repository\org\slf4j\slf4j-api\2.0.17\slf4j-api-2.0.17.jar;C:\Users\amolsuryabhans\.m2\repository\io\zipkin\brave\brave\6.1.0\brave-6.1.0.jar;C:\Users\amolsuryabhans\.m2\repository\io\zipkin\brave\brave-context-slf4j\6.1.0\brave-context-slf4j-6.1.0.jar;C:\Users\amolsuryabhans\.m2\repository\io\zipkin\brave\brave-instrumentation-http\6.1.0\brave-instrumentation-http-6.1.0.jar;C:\Users\amolsuryabhans\.m2\repository\io\zipkin\aws\brave-propagation-aws\1.3.0\brave-propagation-aws-1.3.0.jar;C:\Users\amolsuryabhans\.m2\repository\io\zipkin\contrib\brave-propagation-w3c\brave-propagation-tracecontext\0.2.0\brave-propagation-tracecontext-0.2.0.jar;C:\Users\amolsuryabhans\.m2\repository\io\zipkin\reporter2\zipkin-reporter-brave\3.5.1\zipkin-reporter-brave-3.5.1.jar;C:\Users\amolsuryabhans\.m2\repository\io\zipkin\reporter2\zipkin-reporter\3.5.1\zipkin-reporter-3.5.1.jar;C:\Users\amolsuryabhans\.m2\repository\org\springframework\cloud\spring-cloud-starter-config\4.3.0\spring-cloud-starter-config-4.3.0.jar;C:\Users\amolsuryabhans\.m2\repository\org\springframework\cloud\spring-cloud-config-client\4.3.0\spring-cloud-config-client-4.3.0.jar;C:\Users\amolsuryabhans\.m2\repository\com\fasterxml\jackson\core\jackson-databind\2.19.2\jackson-databind-2.19.2.jar
Launcher Type: SUN_STANDARD

[Global flags]
     intx CICompilerCount                          = 4                                         {product} {ergonomic}
     uint ConcGCThreads                            = 2                                         {product} {ergonomic}
     uint G1ConcRefinementThreads                  = 8                                         {product} {ergonomic}
   size_t G1HeapRegionSize                         = 4194304                                   {product} {ergonomic}
   size_t InitialHeapSize                          = 536870912                                 {product} {ergonomic}
     bool ManagementServer                         = true                                      {product} {command line}
   size_t MarkStackSize                            = 4194304                                   {product} {ergonomic}
   size_t MarkStackSizeMax                         = 536870912                                 {product} {ergonomic}
   size_t MaxHeapSize                              = 8556380160                                {product} {ergonomic}
   size_t MaxNewSize                               = 5133828096                                {product} {ergonomic}
   size_t MinHeapDeltaBytes                        = 4194304                                   {product} {ergonomic}
   size_t MinHeapSize                              = 8388608                                   {product} {ergonomic}
    uintx NonNMethodCodeHeapSize                   = 4096                                   {pd product} {ergonomic}
    uintx NonProfiledCodeHeapSize                  = 0                                      {pd product} {ergonomic}
     bool ProfileInterpreter                       = false                                  {pd product} {command line}
    uintx ProfiledCodeHeapSize                     = 0                                      {pd product} {ergonomic}
     bool ShowCodeDetailsInExceptionMessages       = true                                   {manageable} {command line}
   size_t SoftMaxHeapSize                          = 8556380160                             {manageable} {ergonomic}
     intx TieredStopAtLevel                        = 1                                         {product} {command line}
     bool UseCompressedOops                        = true                           {product lp64_product} {ergonomic}
     bool UseG1GC                                  = true                                      {product} {ergonomic}
     bool UseLargePagesIndividualAllocation        = false                                  {pd product} {ergonomic}

Logging:
Log output configuration:
 #0: stdout all=warning uptime,level,tags foldmultilines=false
 #1: stderr all=off uptime,level,tags foldmultilines=false

Environment Variables:
PATH=E:/Softwares/spring-tool-suite-4-4.26.0.RELEASE-e4.33.0-win32.win32.x86_64/sts-4.26.0.RELEASE//plugins/org.eclipse.justj.openjdk.hotspot.jre.full.win32.x86_64_21.0.4.v20240802-1551/jre/bin/server;E:/Softwares/spring-tool-suite-4-4.26.0.RELEASE-e4.33.0-win32.win32.x86_64/sts-4.26.0.RELEASE//plugins/org.eclipse.justj.openjdk.hotspot.jre.full.win32.x86_64_21.0.4.v20240802-1551/jre/bin;C:\pyenv\pyenv-win\bin;C:\pyenv\pyenv-win\shims;C:\Program Files (x86)\Common Files\Oracle\Java\javapath;C:\Windows\system32;C:\Windows;C:\Windows\System32\Wbem;C:\Windows\System32\WindowsPowerShell\v1.0\;C:\Windows\System32\OpenSSH\;C:\Program Files\dotnet\;C:\Program Files (x86)\Intel\Intel(R) Management Engine Components\DAL;C:\Program Files\Intel\Intel(R) Management Engine Components\DAL;C:\Program Files\Git\cmd;C:\Program Files\ArangoDB3 3.11.8\usr\bin;C:\Program Files\nodejs\;C:\pyenv\pyenv-win\versions\3.11.9\Scripts;C:\Program Files\Docker\Docker\resources\bin;C:\Program Files\MySQL\MySQL Shell 8.0\bin\;C:\Users\amolsuryabhans\AppData\Local\Microsoft\WindowsApps;C:\Users\amolsuryabhans\.dotnet\tools;C:\Program Files\JetBrains\PyCharm Community Edition 2023.3.4\bin;;C:\Users\amolsuryabhans\AppData\Local\Programs\Microsoft VS Code\bin;C:\Users\amolsuryabhans\AppData\Roaming\npm;C:\Program Files\nodejs;;C:\Program Files\JetBrains\IntelliJ IDEA Community Edition 2024.3.5\bin;;E:\Softwares\spring-tool-suite-4-4.26.0.RELEASE-e4.33.0-win32.win32.x86_64\sts-4.26.0.RELEASE;
USERNAME=amolsuryabhans
OS=Windows_NT
PROCESSOR_IDENTIFIER=Intel64 Family 6 Model 142 Stepping 10, GenuineIntel
TMP=C:\Users\AMOLSU~1\AppData\Local\Temp
TEMP=C:\Users\AMOLSU~1\AppData\Local\Temp




Periodic native trim disabled

---------------  S Y S T E M  ---------------

OS:
 Windows 10 , 64 bit Build 19041 (10.0.19041.5915)
OS uptime: 4 days 12:06 hours
Hyper-V role detected

CPU: total 8 (initial active 8) (4 cores per cpu, 2 threads per core) family 6 model 142 stepping 10 microcode 0xf6, cx8, cmov, fxsr, ht, mmx, 3dnowpref, sse, sse2, sse3, ssse3, sse4.1, sse4.2, popcnt, lzcnt, tsc, tscinvbit, avx, avx2, aes, erms, clmul, bmi1, bmi2, rtm, adx, fma, vzeroupper, clflush, clflushopt, hv, rdtscp, f16c
Processor Information for the first 8 processors :
  Max Mhz: 2112, Current Mhz: 1910, Mhz Limit: 1900

Memory: 4k page, system-wide physical 32626M (14867M free)
TotalPageFile size 60274M (AvailPageFile size 39150M)
current process WorkingSet (physical memory assigned to process): 377M, peak: 377M
current process commit charge ("private bytes"): 557M, peak: 648M

vm_info: Java HotSpot(TM) 64-Bit Server VM (23.0.1+11-39) for windows-amd64 JRE (23.0.1+11-39), built on 2024-09-30T07:20:43Z with MS VC++ 17.6 (VS2022)

END.
